<?xml version="1.0" encoding="UTF-8"?>
<coverage generated="1781002189306" clover="3.2.0">
  <project timestamp="1781002189306" name="All files">
    <metrics statements="706" coveredstatements="586" conditionals="604" coveredconditionals="395" methods="168" coveredmethods="155" elements="1478" coveredelements="1136" complexity="0" loc="706" ncloc="706" packages="13" files="25" classes="25"/>
    <package name="src">
      <metrics statements="13" coveredstatements="13" conditionals="0" coveredconditionals="0" methods="3" coveredmethods="2"/>
      <file name="app.ts" path="/Users/christianscheider/Dev/Heptacode/backend/src/app.ts">
        <metrics statements="13" coveredstatements="13" conditionals="0" coveredconditionals="0" methods="3" coveredmethods="2"/>
        <line num="13" count="20" type="stmt"/>
        <line num="15" count="20" type="stmt"/>
        <line num="16" count="20" type="stmt"/>
        <line num="18" count="20" type="stmt"/>
        <line num="19" count="20" type="stmt"/>
        <line num="22" count="20" type="stmt"/>
        <line num="23" count="20" type="stmt"/>
        <line num="25" count="20" type="stmt"/>
        <line num="27" count="20" type="stmt"/>
        <line num="28" count="20" type="stmt"/>
        <line num="29" count="20" type="stmt"/>
        <line num="30" count="20" type="stmt"/>
        <line num="32" count="20" type="stmt"/>
      </file>
    </package>
    <package name="src.ai">
      <metrics statements="61" coveredstatements="47" conditionals="46" coveredconditionals="31" methods="12" coveredmethods="12"/>
      <file name="client.ts" path="/Users/christianscheider/Dev/Heptacode/backend/src/ai/client.ts">
        <metrics statements="6" coveredstatements="5" conditionals="2" coveredconditionals="1" methods="0" coveredmethods="0"/>
        <line num="4" count="1" type="stmt"/>
        <line num="6" count="1" type="cond" truecount="1" falsecount="1"/>
        <line num="7" count="0" type="stmt"/>
        <line num="10" count="1" type="stmt"/>
        <line num="15" count="1" type="stmt"/>
        <line num="16" count="1" type="stmt"/>
      </file>
      <file name="llmAdapter.ts" path="/Users/christianscheider/Dev/Heptacode/backend/src/ai/llmAdapter.ts">
        <metrics statements="44" coveredstatements="33" conditionals="28" coveredconditionals="19" methods="8" coveredmethods="8"/>
        <line num="40" count="2" type="cond" truecount="4" falsecount="1"/>
        <line num="41" count="0" type="stmt"/>
        <line num="42" count="0" type="cond" truecount="0" falsecount="2"/>
        <line num="45" count="2" type="stmt"/>
        <line num="49" count="2" type="cond" truecount="1" falsecount="1"/>
        <line num="61" count="10" type="stmt"/>
        <line num="63" count="10" type="stmt"/>
        <line num="65" count="10" type="stmt"/>
        <line num="66" count="10" type="stmt"/>
        <line num="68" count="8" type="stmt"/>
        <line num="73" count="8" type="stmt"/>
        <line num="75" count="2" type="stmt"/>
        <line num="83" count="2" type="stmt"/>
        <line num="97" count="7" type="stmt"/>
        <line num="98" count="7" type="stmt"/>
        <line num="106" count="7" type="stmt"/>
        <line num="117" count="6" type="stmt"/>
        <line num="119" count="7" type="cond" truecount="2" falsecount="0"/>
        <line num="120" count="2" type="stmt"/>
        <line num="123" count="4" type="stmt"/>
        <line num="125" count="3" type="cond" truecount="1" falsecount="1"/>
        <line num="126" count="0" type="stmt"/>
        <line num="129" count="3" type="stmt"/>
        <line num="137" count="3" type="stmt"/>
        <line num="154" count="2" type="stmt"/>
        <line num="156" count="3" type="cond" truecount="2" falsecount="0"/>
        <line num="157" count="2" type="stmt"/>
        <line num="162" count="0" type="stmt"/>
        <line num="163" count="0" type="stmt"/>
        <line num="165" count="0" type="stmt"/>
        <line num="168" count="0" type="stmt"/>
        <line num="170" count="0" type="cond" truecount="0" falsecount="2"/>
        <line num="171" count="0" type="stmt"/>
        <line num="174" count="0" type="stmt"/>
        <line num="186" count="3" type="stmt"/>
        <line num="194" count="2" type="stmt"/>
        <line num="210" count="5" type="stmt"/>
        <line num="217" count="5" type="cond" truecount="2" falsecount="0"/>
        <line num="218" count="1" type="stmt"/>
        <line num="224" count="4" type="stmt"/>
        <line num="225" count="4" type="stmt"/>
        <line num="230" count="2" type="cond" truecount="3" falsecount="1"/>
        <line num="231" count="0" type="stmt"/>
        <line num="234" count="2" type="stmt"/>
      </file>
      <file name="timeout.ts" path="/Users/christianscheider/Dev/Heptacode/backend/src/ai/timeout.ts">
        <metrics statements="11" coveredstatements="9" conditionals="16" coveredconditionals="11" methods="4" coveredmethods="4"/>
        <line num="4" count="8" type="stmt"/>
        <line num="10" count="8" type="stmt"/>
        <line num="13" count="21" type="stmt"/>
        <line num="22" count="15" type="stmt"/>
        <line num="23" count="15" type="stmt"/>
        <line num="29" count="14" type="stmt"/>
        <line num="41" count="3" type="cond" truecount="3" falsecount="1"/>
        <line num="42" count="0" type="stmt"/>
        <line num="45" count="3" type="cond" truecount="3" falsecount="1"/>
        <line num="46" count="0" type="cond" truecount="0" falsecount="3"/>
        <line num="48" count="3" type="stmt"/>
      </file>
    </package>
    <package name="src.common">
      <metrics statements="22" coveredstatements="21" conditionals="18" coveredconditionals="16" methods="7" coveredmethods="7"/>
      <file name="patientPlausibility.ts" path="/Users/christianscheider/Dev/Heptacode/backend/src/common/patientPlausibility.ts">
        <metrics statements="22" coveredstatements="21" conditionals="18" coveredconditionals="16" methods="7" coveredmethods="7"/>
        <line num="5" count="6" type="stmt"/>
        <line num="8" count="6" type="cond" truecount="2" falsecount="0"/>
        <line num="12" count="12" type="stmt"/>
        <line num="19" count="44" type="cond" truecount="2" falsecount="0"/>
        <line num="20" count="37" type="stmt"/>
        <line num="23" count="7" type="stmt"/>
        <line num="24" count="7" type="stmt"/>
        <line num="28" count="6" type="cond" truecount="2" falsecount="0"/>
        <line num="29" count="1" type="stmt"/>
        <line num="32" count="5" type="stmt"/>
        <line num="34" count="5" type="stmt"/>
        <line num="36" count="5" type="stmt"/>
        <line num="37" count="5" type="stmt"/>
        <line num="39" count="5" type="cond" truecount="1" falsecount="2"/>
        <line num="47" count="44" type="cond" truecount="2" falsecount="0"/>
        <line num="48" count="39" type="stmt"/>
        <line num="51" count="5" type="cond" truecount="2" falsecount="0"/>
        <line num="52" count="1" type="stmt"/>
        <line num="58" count="3" type="stmt"/>
        <line num="63" count="44" type="cond" truecount="5" falsecount="0"/>
        <line num="64" count="5" type="stmt"/>
        <line num="67" count="0" type="stmt"/>
      </file>
    </package>
    <package name="src.common.errors">
      <metrics statements="4" coveredstatements="4" conditionals="0" coveredconditionals="0" methods="1" coveredmethods="1"/>
      <file name="ApiError.ts" path="/Users/christianscheider/Dev/Heptacode/backend/src/common/errors/ApiError.ts">
        <metrics statements="4" coveredstatements="4" conditionals="0" coveredconditionals="0" methods="1" coveredmethods="1"/>
        <line num="12" count="4" type="stmt"/>
        <line num="14" count="4" type="stmt"/>
        <line num="15" count="4" type="stmt"/>
        <line num="16" count="4" type="stmt"/>
      </file>
    </package>
    <package name="src.common.middleware">
      <metrics statements="30" coveredstatements="19" conditionals="16" coveredconditionals="8" methods="8" coveredmethods="7"/>
      <file name="errorHandler.ts" path="/Users/christianscheider/Dev/Heptacode/backend/src/common/middleware/errorHandler.ts">
        <metrics statements="9" coveredstatements="7" conditionals="4" coveredconditionals="3" methods="3" coveredmethods="3"/>
        <line num="5" count="4" type="stmt"/>
        <line num="6" count="3" type="stmt"/>
        <line num="11" count="4" type="stmt"/>
        <line num="16" count="4" type="cond" truecount="2" falsecount="0"/>
        <line num="17" count="3" type="stmt"/>
        <line num="27" count="1" type="cond" truecount="1" falsecount="1"/>
        <line num="28" count="1" type="stmt"/>
        <line num="38" count="0" type="stmt"/>
        <line num="40" count="0" type="stmt"/>
      </file>
      <file name="notFoundHandler.ts" path="/Users/christianscheider/Dev/Heptacode/backend/src/common/middleware/notFoundHandler.ts">
        <metrics statements="2" coveredstatements="1" conditionals="0" coveredconditionals="0" methods="1" coveredmethods="0"/>
        <line num="3" count="4" type="stmt"/>
        <line num="7" count="0" type="stmt"/>
      </file>
      <file name="validateRequest.ts" path="/Users/christianscheider/Dev/Heptacode/backend/src/common/middleware/validateRequest.ts">
        <metrics statements="19" coveredstatements="11" conditionals="12" coveredconditionals="5" methods="4" coveredmethods="4"/>
        <line num="10" count="4" type="stmt"/>
        <line num="11" count="1" type="stmt"/>
        <line num="17" count="4" type="stmt"/>
        <line num="18" count="20" type="stmt"/>
        <line num="19" count="6" type="cond" truecount="1" falsecount="1"/>
        <line num="20" count="6" type="stmt"/>
        <line num="22" count="6" type="cond" truecount="2" falsecount="0"/>
        <line num="23" count="1" type="stmt"/>
        <line num="33" count="5" type="stmt"/>
        <line num="36" count="5" type="cond" truecount="1" falsecount="1"/>
        <line num="37" count="0" type="stmt"/>
        <line num="39" count="0" type="cond" truecount="0" falsecount="2"/>
        <line num="40" count="0" type="stmt"/>
        <line num="50" count="0" type="stmt"/>
        <line num="53" count="5" type="cond" truecount="1" falsecount="1"/>
        <line num="54" count="0" type="stmt"/>
        <line num="56" count="0" type="cond" truecount="0" falsecount="2"/>
        <line num="57" count="0" type="stmt"/>
        <line num="67" count="0" type="stmt"/>
      </file>
    </package>
    <package name="src.config">
      <metrics statements="23" coveredstatements="20" conditionals="26" coveredconditionals="17" methods="4" coveredmethods="4"/>
      <file name="env.ts" path="/Users/christianscheider/Dev/Heptacode/backend/src/config/env.ts">
        <metrics statements="23" coveredstatements="20" conditionals="26" coveredconditionals="17" methods="4" coveredmethods="4"/>
        <line num="17" count="16" type="cond" truecount="2" falsecount="0"/>
        <line num="18" count="12" type="stmt"/>
        <line num="21" count="4" type="stmt"/>
        <line num="22" count="28" type="stmt"/>
        <line num="24" count="28" type="cond" truecount="3" falsecount="1"/>
        <line num="25" count="0" type="stmt"/>
        <line num="28" count="28" type="stmt"/>
        <line num="30" count="28" type="cond" truecount="1" falsecount="1"/>
        <line num="31" count="0" type="stmt"/>
        <line num="34" count="28" type="stmt"/>
        <line num="35" count="28" type="stmt"/>
        <line num="37" count="28" type="stmt"/>
        <line num="42" count="4" type="stmt"/>
        <line num="43" count="4" type="stmt"/>
        <line num="50" count="4" type="stmt"/>
        <line num="51" count="16" type="stmt"/>
        <line num="56" count="4" type="cond" truecount="1" falsecount="1"/>
        <line num="57" count="4" type="cond" truecount="3" falsecount="1"/>
        <line num="61" count="4" type="cond" truecount="1" falsecount="1"/>
        <line num="62" count="0" type="stmt"/>
        <line num="65" count="4" type="stmt"/>
        <line num="68" count="4" type="stmt"/>
        <line num="70" count="4" type="stmt"/>
      </file>
    </package>
    <package name="src.modules.assessment">
      <metrics statements="42" coveredstatements="36" conditionals="65" coveredconditionals="38" methods="21" coveredmethods="19"/>
      <file name="assessment.service.ts" path="/Users/christianscheider/Dev/Heptacode/backend/src/modules/assessment/assessment.service.ts">
        <metrics statements="38" coveredstatements="32" conditionals="65" coveredconditionals="38" methods="21" coveredmethods="19"/>
        <line num="5" count="5" type="stmt"/>
        <line num="12" count="5" type="stmt"/>
        <line num="20" count="18" type="cond" truecount="2" falsecount="0"/>
        <line num="30" count="3" type="stmt"/>
        <line num="31" count="0" type="stmt"/>
        <line num="32" count="0" type="stmt"/>
        <line num="34" count="3" type="stmt"/>
        <line num="63" count="48" type="stmt"/>
        <line num="67" count="3" type="stmt"/>
        <line num="71" count="3" type="cond" truecount="1" falsecount="1"/>
        <line num="72" count="0" type="stmt"/>
        <line num="75" count="3" type="stmt"/>
        <line num="78" count="3" type="cond" truecount="1" falsecount="1"/>
        <line num="90" count="3" type="stmt"/>
        <line num="92" count="3" type="stmt"/>
        <line num="93" count="3" type="cond" truecount="1" falsecount="1"/>
        <line num="94" count="3" type="cond" truecount="1" falsecount="1"/>
        <line num="96" count="3" type="stmt"/>
        <line num="101" count="12" type="stmt"/>
        <line num="113" count="6" type="stmt"/>
        <line num="130" count="3" type="stmt"/>
        <line num="155" count="4" type="cond" truecount="2" falsecount="3"/>
        <line num="157" count="0" type="stmt"/>
        <line num="159" count="0" type="stmt"/>
        <line num="161" count="0" type="stmt"/>
        <line num="164" count="4" type="stmt"/>
        <line num="175" count="5" type="stmt"/>
        <line num="177" count="44" type="stmt"/>
        <line num="178" count="44" type="stmt"/>
        <line num="179" count="44" type="stmt"/>
        <line num="181" count="5" type="stmt"/>
        <line num="182" count="38" type="stmt"/>
        <line num="185" count="5" type="stmt"/>
        <line num="200" count="6" type="stmt"/>
        <line num="206" count="5" type="cond" truecount="2" falsecount="0"/>
        <line num="207" count="6" type="stmt"/>
        <line num="212" count="6" type="cond" truecount="2" falsecount="0"/>
        <line num="214" count="6" type="stmt"/>
      </file>
      <file name="assessment.types.ts" path="/Users/christianscheider/Dev/Heptacode/backend/src/modules/assessment/assessment.types.ts">
        <metrics statements="4" coveredstatements="4" conditionals="0" coveredconditionals="0" methods="0" coveredmethods="0"/>
        <line num="10" count="5" type="stmt"/>
        <line num="15" count="5" type="stmt"/>
        <line num="26" count="5" type="stmt"/>
        <line num="32" count="5" type="stmt"/>
      </file>
    </package>
    <package name="src.modules.pdf">
      <metrics statements="282" coveredstatements="223" conditionals="201" coveredconditionals="118" methods="54" coveredmethods="47"/>
      <file name="pdf.types.ts" path="/Users/christianscheider/Dev/Heptacode/backend/src/modules/pdf/pdf.types.ts">
        <metrics statements="2" coveredstatements="2" conditionals="0" coveredconditionals="0" methods="0" coveredmethods="0"/>
        <line num="37" count="5" type="stmt"/>
        <line num="43" count="5" type="stmt"/>
      </file>
      <file name="pdfExport.service.ts" path="/Users/christianscheider/Dev/Heptacode/backend/src/modules/pdf/pdfExport.service.ts">
        <metrics statements="280" coveredstatements="221" conditionals="201" coveredconditionals="118" methods="54" coveredmethods="47"/>
        <line num="17" count="5" type="stmt"/>
        <line num="26" count="5" type="stmt"/>
        <line num="29" count="5" type="stmt"/>
        <line num="31" count="5" type="stmt"/>
        <line num="55" count="5" type="stmt"/>
        <line num="68" count="1" type="cond" truecount="1" falsecount="4"/>
        <line num="70" count="0" type="stmt"/>
        <line num="72" count="1" type="stmt"/>
        <line num="74" count="0" type="stmt"/>
        <line num="76" count="0" type="stmt"/>
        <line num="78" count="0" type="stmt"/>
        <line num="83" count="2" type="cond" truecount="1" falsecount="1"/>
        <line num="87" count="2" type="cond" truecount="2" falsecount="6"/>
        <line num="90" count="2" type="stmt"/>
        <line num="94" count="0" type="stmt"/>
        <line num="97" count="0" type="stmt"/>
        <line num="99" count="0" type="stmt"/>
        <line num="110" count="12" type="stmt"/>
        <line num="140" count="0" type="stmt"/>
        <line num="145" count="0" type="cond" truecount="0" falsecount="2"/>
        <line num="149" count="0" type="stmt"/>
        <line num="151" count="0" type="stmt"/>
        <line num="153" count="0" type="cond" truecount="0" falsecount="2"/>
        <line num="154" count="0" type="stmt"/>
        <line num="157" count="0" type="stmt"/>
        <line num="161" count="10" type="cond" truecount="4" falsecount="1"/>
        <line num="162" count="0" type="stmt"/>
        <line num="165" count="10" type="stmt"/>
        <line num="175" count="0" type="stmt"/>
        <line num="176" count="0" type="stmt"/>
        <line num="178" count="0" type="cond" truecount="0" falsecount="2"/>
        <line num="179" count="0" type="stmt"/>
        <line num="182" count="0" type="cond" truecount="0" falsecount="2"/>
        <line num="183" count="0" type="stmt"/>
        <line num="186" count="0" type="cond" truecount="0" falsecount="2"/>
        <line num="198" count="3" type="cond" truecount="2" falsecount="0"/>
        <line num="199" count="1" type="stmt"/>
        <line num="202" count="2" type="stmt"/>
        <line num="203" count="0" type="stmt"/>
        <line num="204" count="0" type="stmt"/>
        <line num="205" count="0" type="stmt"/>
        <line num="207" count="2" type="stmt"/>
        <line num="226" count="30" type="stmt"/>
        <line num="230" count="4" type="cond" truecount="1" falsecount="4"/>
        <line num="232" count="0" type="stmt"/>
        <line num="234" count="4" type="stmt"/>
        <line num="236" count="0" type="stmt"/>
        <line num="238" count="0" type="stmt"/>
        <line num="240" count="0" type="stmt"/>
        <line num="245" count="2" type="cond" truecount="1" falsecount="1"/>
        <line num="246" count="0" type="stmt"/>
        <line num="249" count="2" type="cond" truecount="1" falsecount="1"/>
        <line num="250" count="0" type="stmt"/>
        <line num="253" count="2" type="cond" truecount="1" falsecount="1"/>
        <line num="254" count="0" type="stmt"/>
        <line num="257" count="2" type="stmt"/>
        <line num="267" count="3" type="cond" truecount="4" falsecount="0"/>
        <line num="268" count="1" type="stmt"/>
        <line num="271" count="2" type="stmt"/>
        <line num="273" count="2" type="stmt"/>
        <line num="278" count="8" type="stmt"/>
        <line num="280" count="2" type="stmt"/>
        <line num="292" count="1" type="stmt"/>
        <line num="293" count="1" type="stmt"/>
        <line num="295" count="1" type="stmt"/>
        <line num="296" count="1" type="stmt"/>
        <line num="298" count="1" type="cond" truecount="3" falsecount="1"/>
        <line num="299" count="0" type="stmt"/>
        <line num="300" count="0" type="stmt"/>
        <line num="303" count="1" type="cond" truecount="1" falsecount="1"/>
        <line num="304" count="0" type="stmt"/>
        <line num="305" count="0" type="stmt"/>
        <line num="308" count="1" type="cond" truecount="1" falsecount="1"/>
        <line num="309" count="0" type="stmt"/>
        <line num="312" count="1" type="stmt"/>
        <line num="315" count="1" type="stmt"/>
        <line num="325" count="1" type="stmt"/>
        <line num="326" count="1" type="stmt"/>
        <line num="327" count="1" type="stmt"/>
        <line num="329" count="1" type="stmt"/>
        <line num="330" count="6" type="stmt"/>
        <line num="331" count="6" type="stmt"/>
        <line num="332" count="6" type="stmt"/>
        <line num="334" count="6" type="cond" truecount="4" falsecount="0"/>
        <line num="335" count="1" type="stmt"/>
        <line num="338" count="5" type="cond" truecount="4" falsecount="0"/>
        <line num="339" count="1" type="stmt"/>
        <line num="342" count="4" type="cond" truecount="2" falsecount="0"/>
        <line num="343" count="1" type="cond" truecount="1" falsecount="1"/>
        <line num="344" count="1" type="stmt"/>
        <line num="347" count="3" type="cond" truecount="2" falsecount="0"/>
        <line num="348" count="1" type="cond" truecount="1" falsecount="1"/>
        <line num="349" count="1" type="stmt"/>
        <line num="352" count="2" type="stmt"/>
        <line num="359" count="1" type="cond" truecount="2" falsecount="2"/>
        <line num="360" count="1" type="stmt"/>
        <line num="363" count="1" type="stmt"/>
        <line num="373" count="1" type="stmt"/>
        <line num="374" count="1" type="stmt"/>
        <line num="375" count="1" type="stmt"/>
        <line num="377" count="1" type="stmt"/>
        <line num="379" count="1" type="cond" truecount="1" falsecount="1"/>
        <line num="380" count="0" type="stmt"/>
        <line num="383" count="1" type="stmt"/>
        <line num="387" count="2" type="stmt"/>
        <line num="388" count="2" type="stmt"/>
        <line num="400" count="4" type="stmt"/>
        <line num="410" count="1" type="stmt"/>
        <line num="411" count="1" type="stmt"/>
        <line num="412" count="1" type="stmt"/>
        <line num="413" count="1" type="stmt"/>
        <line num="416" count="1" type="stmt"/>
        <line num="419" count="13" type="stmt"/>
        <line num="421" count="13" type="cond" truecount="4" falsecount="0"/>
        <line num="422" count="2" type="stmt"/>
        <line num="423" count="2" type="stmt"/>
        <line num="426" count="11" type="cond" truecount="2" falsecount="0"/>
        <line num="427" count="1" type="stmt"/>
        <line num="428" count="1" type="stmt"/>
        <line num="431" count="10" type="cond" truecount="4" falsecount="0"/>
        <line num="432" count="1" type="stmt"/>
        <line num="433" count="1" type="stmt"/>
        <line num="434" count="1" type="stmt"/>
        <line num="437" count="9" type="cond" truecount="2" falsecount="0"/>
        <line num="438" count="1" type="stmt"/>
        <line num="439" count="1" type="stmt"/>
        <line num="440" count="1" type="stmt"/>
        <line num="443" count="8" type="cond" truecount="2" falsecount="0"/>
        <line num="444" count="6" type="stmt"/>
        <line num="445" count="6" type="stmt"/>
        <line num="448" count="2" type="cond" truecount="1" falsecount="1"/>
        <line num="449" count="2" type="cond" truecount="2" falsecount="0"/>
        <line num="450" count="1" type="stmt"/>
        <line num="453" count="1" type="stmt"/>
        <line num="457" count="1" type="stmt"/>
        <line num="458" count="1" type="stmt"/>
        <line num="460" count="1" type="stmt"/>
        <line num="476" count="4" type="cond" truecount="2" falsecount="0"/>
        <line num="477" count="3" type="stmt"/>
        <line num="480" count="1" type="cond" truecount="1" falsecount="4"/>
        <line num="482" count="0" type="stmt"/>
        <line num="485" count="1" type="stmt"/>
        <line num="488" count="0" type="stmt"/>
        <line num="491" count="0" type="stmt"/>
        <line num="494" count="0" type="stmt"/>
        <line num="505" count="4" type="stmt"/>
        <line num="510" count="4" type="cond" truecount="4" falsecount="0"/>
        <line num="511" count="1" type="stmt"/>
        <line num="518" count="3" type="stmt"/>
        <line num="536" count="4" type="stmt"/>
        <line num="550" count="4" type="stmt"/>
        <line num="563" count="4" type="stmt"/>
        <line num="564" count="4" type="stmt"/>
        <line num="566" count="4" type="stmt"/>
        <line num="567" count="348" type="stmt"/>
        <line num="570" count="4" type="stmt"/>
        <line num="571" count="4" type="stmt"/>
        <line num="574" count="4" type="stmt"/>
        <line num="579" count="4" type="stmt"/>
        <line num="593" count="4" type="stmt"/>
        <line num="594" count="4" type="stmt"/>
        <line num="596" count="4" type="stmt"/>
        <line num="598" count="4" type="stmt"/>
        <line num="605" count="4" type="stmt"/>
        <line num="613" count="4" type="stmt"/>
        <line num="619" count="4" type="cond" truecount="2" falsecount="0"/>
        <line num="620" count="1" type="stmt"/>
        <line num="626" count="1" type="stmt"/>
        <line num="633" count="4" type="cond" truecount="1" falsecount="1"/>
        <line num="634" count="4" type="stmt"/>
        <line num="635" count="4" type="stmt"/>
        <line num="653" count="4" type="stmt"/>
        <line num="654" count="4" type="stmt"/>
        <line num="656" count="4" type="stmt"/>
        <line num="663" count="4" type="stmt"/>
        <line num="672" count="4" type="stmt"/>
        <line num="689" count="8" type="stmt"/>
        <line num="691" count="8" type="cond" truecount="1" falsecount="1"/>
        <line num="692" count="0" type="stmt"/>
        <line num="693" count="0" type="stmt"/>
        <line num="694" count="0" type="stmt"/>
        <line num="699" count="4" type="stmt"/>
        <line num="700" count="4" type="stmt"/>
        <line num="701" count="4" type="stmt"/>
        <line num="702" count="4" type="stmt"/>
        <line num="704" count="4" type="stmt"/>
        <line num="706" count="4" type="stmt"/>
        <line num="712" count="4" type="stmt"/>
        <line num="726" count="4" type="stmt"/>
        <line num="736" count="8" type="stmt"/>
        <line num="753" count="46" type="stmt"/>
        <line num="757" count="46" type="stmt"/>
        <line num="759" count="46" type="stmt"/>
        <line num="763" count="46" type="stmt"/>
        <line num="764" count="0" type="cond" truecount="0" falsecount="4"/>
        <line num="765" count="0" type="cond" truecount="0" falsecount="2"/>
        <line num="766" count="0" type="stmt"/>
        <line num="768" count="0" type="cond" truecount="0" falsecount="2"/>
        <line num="769" count="0" type="stmt"/>
        <line num="772" count="0" type="stmt"/>
        <line num="777" count="0" type="stmt"/>
        <line num="780" count="46" type="stmt"/>
        <line num="782" count="46" type="cond" truecount="1" falsecount="1"/>
        <line num="783" count="46" type="stmt"/>
        <line num="786" count="46" type="cond" truecount="1" falsecount="1"/>
        <line num="787" count="0" type="stmt"/>
        <line num="795" count="0" type="stmt"/>
        <line num="798" count="46" type="stmt"/>
        <line num="799" count="46" type="stmt"/>
        <line num="800" count="46" type="stmt"/>
        <line num="802" count="46" type="cond" truecount="2" falsecount="0"/>
        <line num="803" count="46" type="cond" truecount="2" falsecount="0"/>
        <line num="804" count="46" type="cond" truecount="2" falsecount="0"/>
        <line num="805" count="46" type="cond" truecount="2" falsecount="0"/>
        <line num="812" count="46" type="cond" truecount="1" falsecount="1"/>
        <line num="813" count="0" type="stmt"/>
        <line num="815" count="0" type="cond" truecount="0" falsecount="2"/>
        <line num="816" count="0" type="stmt"/>
        <line num="837" count="0" type="stmt"/>
        <line num="840" count="0" type="stmt"/>
        <line num="851" count="46" type="stmt"/>
        <line num="862" count="46" type="stmt"/>
        <line num="880" count="8" type="stmt"/>
        <line num="881" count="8" type="stmt"/>
        <line num="882" count="8" type="stmt"/>
        <line num="883" count="8" type="stmt"/>
        <line num="884" count="8" type="stmt"/>
        <line num="886" count="8" type="stmt"/>
        <line num="888" count="8" type="stmt"/>
        <line num="890" count="8" type="stmt"/>
        <line num="895" count="8" type="stmt"/>
        <line num="897" count="8" type="stmt"/>
        <line num="899" count="8" type="stmt"/>
        <line num="900" count="8" type="cond" truecount="1" falsecount="1"/>
        <line num="901" count="8" type="cond" truecount="1" falsecount="1"/>
        <line num="902" count="8" type="cond" truecount="1" falsecount="1"/>
        <line num="904" count="8" type="stmt"/>
        <line num="906" count="8" type="stmt"/>
        <line num="912" count="8" type="stmt"/>
        <line num="920" count="8" type="stmt"/>
        <line num="922" count="8" type="stmt"/>
        <line num="923" count="8" type="stmt"/>
        <line num="925" count="8" type="stmt"/>
        <line num="927" count="8" type="stmt"/>
        <line num="928" count="63" type="cond" truecount="2" falsecount="0"/>
        <line num="929" count="8" type="stmt"/>
        <line num="930" count="8" type="stmt"/>
        <line num="933" count="55" type="stmt"/>
        <line num="936" count="55" type="cond" truecount="2" falsecount="0"/>
        <line num="937" count="45" type="cond" truecount="1" falsecount="1"/>
        <line num="938" count="45" type="cond" truecount="1" falsecount="1"/>
        <line num="939" count="45" type="cond" truecount="1" falsecount="1"/>
        <line num="941" count="45" type="stmt"/>
        <line num="951" count="45" type="cond" truecount="2" falsecount="0"/>
        <line num="952" count="36" type="stmt"/>
        <line num="955" count="45" type="stmt"/>
        <line num="956" count="45" type="stmt"/>
        <line num="959" count="10" type="stmt"/>
        <line num="962" count="8" type="stmt"/>
        <line num="977" count="4" type="stmt"/>
        <line num="978" count="4" type="stmt"/>
        <line num="980" count="4" type="stmt"/>
        <line num="982" count="4" type="stmt"/>
        <line num="984" count="4" type="stmt"/>
        <line num="985" count="8" type="stmt"/>
        <line num="987" count="8" type="stmt"/>
        <line num="1002" count="4" type="stmt"/>
        <line num="1003" count="4" type="stmt"/>
        <line num="1005" count="4" type="stmt"/>
        <line num="1006" count="4" type="stmt"/>
        <line num="1007" count="4" type="stmt"/>
        <line num="1020" count="4" type="stmt"/>
        <line num="1021" count="4" type="stmt"/>
        <line num="1023" count="4" type="stmt"/>
        <line num="1035" count="4" type="stmt"/>
        <line num="1037" count="4" type="stmt"/>
        <line num="1038" count="4" type="stmt"/>
        <line num="1040" count="4" type="stmt"/>
        <line num="1042" count="4" type="stmt"/>
        <line num="1044" count="4" type="stmt"/>
      </file>
    </package>
    <package name="src.modules.prompt">
      <metrics statements="6" coveredstatements="6" conditionals="0" coveredconditionals="0" methods="3" coveredmethods="3"/>
      <file name="symptomExtraction.prompt.ts" path="/Users/christianscheider/Dev/Heptacode/backend/src/modules/prompt/symptomExtraction.prompt.ts">
        <metrics statements="4" coveredstatements="4" conditionals="0" coveredconditionals="0" methods="2" coveredmethods="2"/>
        <line num="8" count="5" type="stmt"/>
        <line num="58" count="14" type="stmt"/>
        <line num="64" count="5" type="stmt"/>
        <line num="72" count="20" type="stmt"/>
      </file>
      <file name="triage.prompt.ts" path="/Users/christianscheider/Dev/Heptacode/backend/src/modules/prompt/triage.prompt.ts">
        <metrics statements="2" coveredstatements="2" conditionals="0" coveredconditionals="0" methods="1" coveredmethods="1"/>
        <line num="3" count="5" type="stmt"/>
        <line num="24" count="10" type="stmt"/>
      </file>
    </package>
    <package name="src.modules.symptom-extraction">
      <metrics statements="103" coveredstatements="94" conditionals="107" coveredconditionals="89" methods="21" coveredmethods="21"/>
      <file name="symptomExtraction.service.ts" path="/Users/christianscheider/Dev/Heptacode/backend/src/modules/symptom-extraction/symptomExtraction.service.ts">
        <metrics statements="53" coveredstatements="46" conditionals="41" coveredconditionals="32" methods="8" coveredmethods="8"/>
        <line num="21" count="48" type="stmt"/>
        <line num="30" count="24" type="stmt"/>
        <line num="32" count="141" type="stmt"/>
        <line num="42" count="24" type="stmt"/>
        <line num="43" count="24" type="stmt"/>
        <line num="44" count="24" type="stmt"/>
        <line num="45" count="24" type="stmt"/>
        <line num="46" count="24" type="stmt"/>
        <line num="48" count="24" type="cond" truecount="2" falsecount="0"/>
        <line num="49" count="2" type="stmt"/>
        <line num="52" count="22" type="cond" truecount="4" falsecount="0"/>
        <line num="53" count="1" type="stmt"/>
        <line num="56" count="21" type="cond" truecount="5" falsecount="0"/>
        <line num="57" count="1" type="stmt"/>
        <line num="60" count="20" type="cond" truecount="2" falsecount="4"/>
        <line num="61" count="0" type="stmt"/>
        <line num="64" count="20" type="stmt"/>
        <line num="65" count="20" type="cond" truecount="1" falsecount="1"/>
        <line num="66" count="0" type="stmt"/>
        <line num="69" count="20" type="stmt"/>
        <line num="80" count="20" type="stmt"/>
        <line num="100" count="6" type="stmt"/>
        <line num="102" count="6" type="cond" truecount="1" falsecount="1"/>
        <line num="103" count="0" type="stmt"/>
        <line num="111" count="6" type="stmt"/>
        <line num="113" count="6" type="cond" truecount="2" falsecount="0"/>
        <line num="114" count="2" type="stmt"/>
        <line num="122" count="4" type="stmt"/>
        <line num="123" count="4" type="stmt"/>
        <line num="125" count="4" type="stmt"/>
        <line num="132" count="0" type="cond" truecount="0" falsecount="2"/>
        <line num="133" count="0" type="stmt"/>
        <line num="136" count="0" type="stmt"/>
        <line num="153" count="14" type="stmt"/>
        <line num="179" count="20" type="stmt"/>
        <line num="181" count="20" type="cond" truecount="2" falsecount="0"/>
        <line num="182" count="2" type="stmt"/>
        <line num="191" count="18" type="stmt"/>
        <line num="193" count="18" type="cond" truecount="2" falsecount="0"/>
        <line num="194" count="2" type="stmt"/>
        <line num="203" count="16" type="stmt"/>
        <line num="205" count="16" type="stmt"/>
        <line num="206" count="16" type="stmt"/>
        <line num="209" count="2" type="cond" truecount="2" falsecount="0"/>
        <line num="210" count="1" type="stmt"/>
        <line num="214" count="15" type="cond" truecount="4" falsecount="0"/>
        <line num="215" count="1" type="stmt"/>
        <line num="226" count="14" type="stmt"/>
        <line num="227" count="14" type="stmt"/>
        <line num="230" count="2" type="cond" truecount="1" falsecount="1"/>
        <line num="231" count="0" type="stmt"/>
        <line num="234" count="2" type="stmt"/>
        <line num="243" count="12" type="stmt"/>
      </file>
      <file name="symptomExtraction.types.ts" path="/Users/christianscheider/Dev/Heptacode/backend/src/modules/symptom-extraction/symptomExtraction.types.ts">
        <metrics statements="50" coveredstatements="48" conditionals="66" coveredconditionals="57" methods="13" coveredmethods="13"/>
        <line num="48" count="353" type="stmt"/>
        <line num="57" count="64" type="cond" truecount="3" falsecount="1"/>
        <line num="67" count="16" type="cond" truecount="5" falsecount="0"/>
        <line num="68" count="9" type="stmt"/>
        <line num="71" count="7" type="cond" truecount="2" falsecount="0"/>
        <line num="72" count="6" type="stmt"/>
        <line num="75" count="1" type="cond" truecount="1" falsecount="1"/>
        <line num="76" count="0" type="stmt"/>
        <line num="79" count="1" type="stmt"/>
        <line num="81" count="1" type="cond" truecount="1" falsecount="1"/>
        <line num="82" count="0" type="stmt"/>
        <line num="85" count="1" type="stmt"/>
        <line num="88" count="6" type="stmt"/>
        <line num="89" count="54" type="stmt"/>
        <line num="92" count="6" type="stmt"/>
        <line num="94" count="252" type="stmt"/>
        <line num="105" count="16" type="stmt"/>
        <line num="109" count="18" type="stmt"/>
        <line num="110" count="18" type="stmt"/>
        <line num="114" count="2" type="cond" truecount="4" falsecount="0"/>
        <line num="122" count="16" type="cond" truecount="2" falsecount="0"/>
        <line num="123" count="12" type="stmt"/>
        <line num="126" count="4" type="stmt"/>
        <line num="139" count="4" type="cond" truecount="1" falsecount="1"/>
        <line num="143" count="16" type="cond" truecount="2" falsecount="0"/>
        <line num="144" count="12" type="stmt"/>
        <line num="147" count="4" type="stmt"/>
        <line num="148" count="4" type="stmt"/>
        <line num="149" count="4" type="cond" truecount="1" falsecount="1"/>
        <line num="151" count="16" type="stmt"/>
        <line num="170" count="6" type="stmt"/>
        <line num="186" count="16" type="stmt"/>
        <line num="187" count="16" type="stmt"/>
        <line num="188" count="16" type="cond" truecount="2" falsecount="0"/>
        <line num="189" count="16" type="cond" truecount="3" falsecount="0"/>
        <line num="191" count="16" type="cond" truecount="4" falsecount="0"/>
        <line num="196" count="16" type="cond" truecount="2" falsecount="0"/>
        <line num="197" count="16" type="cond" truecount="2" falsecount="0"/>
        <line num="198" count="16" type="cond" truecount="2" falsecount="0"/>
        <line num="199" count="16" type="stmt"/>
        <line num="200" count="16" type="cond" truecount="2" falsecount="0"/>
        <line num="203" count="16" type="stmt"/>
        <line num="204" count="16" type="stmt"/>
        <line num="205" count="16" type="stmt"/>
        <line num="206" count="16" type="stmt"/>
        <line num="208" count="16" type="stmt"/>
        <line num="219" count="6" type="stmt"/>
        <line num="223" count="6" type="stmt"/>
        <line num="229" count="6" type="stmt"/>
        <line num="237" count="13" type="cond" truecount="3" falsecount="0"/>
      </file>
    </package>
    <package name="src.modules.triage">
      <metrics statements="90" coveredstatements="73" conditionals="107" coveredconditionals="64" methods="21" coveredmethods="19"/>
      <file name="triage.service.ts" path="/Users/christianscheider/Dev/Heptacode/backend/src/modules/triage/triage.service.ts">
        <metrics statements="82" coveredstatements="65" conditionals="104" coveredconditionals="61" methods="20" coveredmethods="18"/>
        <line num="16" count="4" type="stmt"/>
        <line num="19" count="5" type="stmt"/>
        <line num="26" count="5" type="stmt"/>
        <line num="34" count="16" type="cond" truecount="2" falsecount="0"/>
        <line num="42" count="18" type="stmt"/>
        <line num="44" count="18" type="cond" truecount="2" falsecount="0"/>
        <line num="45" count="3" type="stmt"/>
        <line num="56" count="10" type="cond" truecount="2" falsecount="0"/>
        <line num="57" count="8" type="stmt"/>
        <line num="60" count="2" type="stmt"/>
        <line num="61" count="0" type="stmt"/>
        <line num="62" count="0" type="stmt"/>
        <line num="64" count="2" type="stmt"/>
        <line num="93" count="32" type="stmt"/>
        <line num="97" count="10" type="stmt"/>
        <line num="107" count="10" type="cond" truecount="1" falsecount="1"/>
        <line num="108" count="0" type="stmt"/>
        <line num="111" count="10" type="cond" truecount="1" falsecount="1"/>
        <line num="112" count="0" type="stmt"/>
        <line num="115" count="10" type="cond" truecount="1" falsecount="1"/>
        <line num="116" count="10" type="stmt"/>
        <line num="126" count="10" type="cond" truecount="1" falsecount="1"/>
        <line num="127" count="0" type="stmt"/>
        <line num="130" count="10" type="stmt"/>
        <line num="132" count="10" type="stmt"/>
        <line num="137" count="40" type="stmt"/>
        <line num="139" count="10" type="stmt"/>
        <line num="151" count="2" type="cond" truecount="1" falsecount="1"/>
        <line num="152" count="2" type="stmt"/>
        <line num="155" count="0" type="cond" truecount="0" falsecount="2"/>
        <line num="159" count="2" type="stmt"/>
        <line num="175" count="8" type="cond" truecount="1" falsecount="1"/>
        <line num="176" count="0" type="stmt"/>
        <line num="179" count="8" type="cond" truecount="1" falsecount="1"/>
        <line num="180" count="0" type="cond" truecount="0" falsecount="2"/>
        <line num="181" count="0" type="stmt"/>
        <line num="184" count="0" type="cond" truecount="0" falsecount="2"/>
        <line num="185" count="0" type="stmt"/>
        <line num="188" count="0" type="stmt"/>
        <line num="191" count="8" type="stmt"/>
        <line num="204" count="10" type="stmt"/>
        <line num="220" count="6" type="stmt"/>
        <line num="233" count="4" type="stmt"/>
        <line num="239" count="4" type="stmt"/>
        <line num="240" count="4" type="stmt"/>
        <line num="241" count="4" type="cond" truecount="2" falsecount="0"/>
        <line num="242" count="4" type="stmt"/>
        <line num="244" count="4" type="cond" truecount="2" falsecount="2"/>
        <line num="245" count="0" type="stmt"/>
        <line num="248" count="4" type="cond" truecount="2" falsecount="2"/>
        <line num="249" count="0" type="stmt"/>
        <line num="252" count="4" type="cond" truecount="2" falsecount="0"/>
        <line num="253" count="2" type="stmt"/>
        <line num="262" count="2" type="stmt"/>
        <line num="265" count="4" type="cond" truecount="2" falsecount="0"/>
        <line num="266" count="2" type="stmt"/>
        <line num="277" count="2" type="cond" truecount="1" falsecount="1"/>
        <line num="278" count="0" type="stmt"/>
        <line num="289" count="2" type="cond" truecount="2" falsecount="2"/>
        <line num="290" count="2" type="stmt"/>
        <line num="301" count="0" type="stmt"/>
        <line num="316" count="1" type="stmt"/>
        <line num="337" count="10" type="stmt"/>
        <line num="338" count="10" type="stmt"/>
        <line num="340" count="4" type="cond" truecount="1" falsecount="1"/>
        <line num="341" count="0" type="stmt"/>
        <line num="344" count="4" type="stmt"/>
        <line num="362" count="18" type="stmt"/>
        <line num="364" count="18" type="cond" truecount="2" falsecount="0"/>
        <line num="365" count="2" type="stmt"/>
        <line num="377" count="2" type="stmt"/>
        <line num="380" count="13" type="cond" truecount="2" falsecount="0"/>
        <line num="381" count="4" type="stmt"/>
        <line num="383" count="4" type="cond" truecount="2" falsecount="0"/>
        <line num="384" count="1" type="stmt"/>
        <line num="389" count="3" type="cond" truecount="2" falsecount="0"/>
        <line num="390" count="1" type="stmt"/>
        <line num="394" count="2" type="stmt"/>
        <line num="397" count="9" type="cond" truecount="2" falsecount="0"/>
        <line num="399" count="18" type="cond" truecount="2" falsecount="0"/>
        <line num="400" count="1" type="stmt"/>
        <line num="413" count="8" type="stmt"/>
      </file>
      <file name="triage.types.ts" path="/Users/christianscheider/Dev/Heptacode/backend/src/modules/triage/triage.types.ts">
        <metrics statements="8" coveredstatements="8" conditionals="3" coveredconditionals="3" methods="1" coveredmethods="1"/>
        <line num="33" count="11" type="stmt"/>
        <line num="35" count="11" type="stmt"/>
        <line num="37" count="11" type="stmt"/>
        <line num="62" count="11" type="stmt"/>
        <line num="67" count="11" type="stmt"/>
        <line num="87" count="11" type="stmt"/>
        <line num="96" count="11" type="stmt"/>
        <line num="106" count="10" type="cond" truecount="3" falsecount="0"/>
      </file>
    </package>
    <package name="src.routes">
      <metrics statements="24" coveredstatements="24" conditionals="8" coveredconditionals="5" methods="9" coveredmethods="9"/>
      <file name="assessment.routes.ts" path="/Users/christianscheider/Dev/Heptacode/backend/src/routes/assessment.routes.ts">
        <metrics statements="5" coveredstatements="5" conditionals="0" coveredconditionals="0" methods="2" coveredmethods="2"/>
        <line num="5" count="4" type="stmt"/>
        <line num="6" count="20" type="stmt"/>
        <line num="7" count="3" type="stmt"/>
        <line num="8" count="3" type="stmt"/>
        <line num="10" count="2" type="stmt"/>
      </file>
      <file name="pdf.routes.ts" path="/Users/christianscheider/Dev/Heptacode/backend/src/routes/pdf.routes.ts">
        <metrics statements="5" coveredstatements="5" conditionals="0" coveredconditionals="0" methods="2" coveredmethods="2"/>
        <line num="6" count="4" type="stmt"/>
        <line num="7" count="20" type="stmt"/>
        <line num="8" count="2" type="stmt"/>
        <line num="10" count="2" type="stmt"/>
        <line num="12" count="1" type="stmt"/>
      </file>
      <file name="symptomExtraction.routes.ts" path="/Users/christianscheider/Dev/Heptacode/backend/src/routes/symptomExtraction.routes.ts">
        <metrics statements="9" coveredstatements="9" conditionals="8" coveredconditionals="5" methods="3" coveredmethods="3"/>
        <line num="5" count="4" type="stmt"/>
        <line num="6" count="20" type="stmt"/>
        <line num="7" count="7" type="stmt"/>
        <line num="8" count="7" type="stmt"/>
        <line num="14" count="6" type="stmt"/>
        <line num="17" count="20" type="stmt"/>
        <line num="18" count="2" type="stmt"/>
        <line num="19" count="2" type="stmt"/>
        <line num="25" count="2" type="stmt"/>
      </file>
      <file name="triage.routes.ts" path="/Users/christianscheider/Dev/Heptacode/backend/src/routes/triage.routes.ts">
        <metrics statements="5" coveredstatements="5" conditionals="0" coveredconditionals="0" methods="2" coveredmethods="2"/>
        <line num="6" count="4" type="stmt"/>
        <line num="7" count="20" type="stmt"/>
        <line num="15" count="5" type="stmt"/>
        <line num="17" count="5" type="stmt"/>
        <line num="25" count="4" type="stmt"/>
      </file>
    </package>
    <package name="src.shared">
      <metrics statements="6" coveredstatements="6" conditionals="10" coveredconditionals="9" methods="4" coveredmethods="4"/>
      <file name="validation.ts" path="/Users/christianscheider/Dev/Heptacode/backend/src/shared/validation.ts">
        <metrics statements="6" coveredstatements="6" conditionals="10" coveredconditionals="9" methods="4" coveredmethods="4"/>
        <line num="9" count="6" type="stmt"/>
        <line num="12" count="7" type="cond" truecount="2" falsecount="0"/>
        <line num="15" count="6" type="cond" truecount="1" falsecount="1"/>
        <line num="19" count="5" type="cond" truecount="4" falsecount="0"/>
        <line num="20" count="1" type="stmt"/>
        <line num="27" count="4" type="stmt"/>
      </file>
    </package>
  </project>
</coverage>
