{"/Users/christianscheider/Dev/Heptacode/backend/src/app.ts": {"path":"/Users/christianscheider/Dev/Heptacode/backend/src/app.ts","statementMap":{"0":{"start":{"line":13,"column":8},"end":{"line":13,"column":null}},"1":{"start":{"line":15,"column":2},"end":{"line":15,"column":null}},"2":{"start":{"line":16,"column":2},"end":{"line":16,"column":null}},"3":{"start":{"line":18,"column":2},"end":{"line":20,"column":null}},"4":{"start":{"line":19,"column":4},"end":{"line":19,"column":null}},"5":{"start":{"line":22,"column":2},"end":{"line":22,"column":null}},"6":{"start":{"line":23,"column":2},"end":{"line":23,"column":null}},"7":{"start":{"line":25,"column":2},"end":{"line":25,"column":null}},"8":{"start":{"line":25,"column":34},"end":{"line":25,"column":51}},"9":{"start":{"line":27,"column":2},"end":{"line":27,"column":null}},"10":{"start":{"line":28,"column":2},"end":{"line":28,"column":null}},"11":{"start":{"line":29,"column":2},"end":{"line":29,"column":null}},"12":{"start":{"line":30,"column":2},"end":{"line":30,"column":null}},"13":{"start":{"line":32,"column":2},"end":{"line":32,"column":null}}},"fnMap":{"0":{"name":"buildApp","decl":{"start":{"line":12,"column":22},"end":{"line":12,"column":59}},"loc":{"start":{"line":12,"column":59},"end":{"line":33,"column":null}},"line":12},"1":{"name":"(anonymous_1)","decl":{"start":{"line":18,"column":27},"end":{"line":18,"column":34}},"loc":{"start":{"line":18,"column":46},"end":{"line":20,"column":3}},"line":18},"2":{"name":"(anonymous_2)","decl":{"start":{"line":25,"column":21},"end":{"line":25,"column":34}},"loc":{"start":{"line":25,"column":34},"end":{"line":25,"column":51}},"line":25}},"branchMap":{},"s":{"0":20,"1":20,"2":20,"3":20,"4":20,"5":20,"6":20,"7":20,"8":0,"9":20,"10":20,"11":20,"12":20,"13":20},"f":{"0":20,"1":20,"2":0},"b":{},"meta":{"lastBranch":0,"lastFunction":3,"lastStatement":14,"seen":{"f:12:22:12:59":0,"s:13:8:13:Infinity":0,"s:15:2:15:Infinity":1,"s:16:2:16:Infinity":2,"s:18:2:20:Infinity":3,"f:18:27:18:34":1,"s:19:4:19:Infinity":4,"s:22:2:22:Infinity":5,"s:23:2:23:Infinity":6,"s:25:2:25:Infinity":7,"f:25:21:25:34":2,"s:25:34:25:51":8,"s:27:2:27:Infinity":9,"s:28:2:28:Infinity":10,"s:29:2:29:Infinity":11,"s:30:2:30:Infinity":12,"s:32:2:32:Infinity":13}}}
,"/Users/christianscheider/Dev/Heptacode/backend/src/ai/client.ts": {"path":"/Users/christianscheider/Dev/Heptacode/backend/src/ai/client.ts","statementMap":{"0":{"start":{"line":4,"column":17},"end":{"line":4,"column":null}},"1":{"start":{"line":6,"column":0},"end":{"line":8,"column":null}},"2":{"start":{"line":7,"column":2},"end":{"line":7,"column":null}},"3":{"start":{"line":10,"column":24},"end":{"line":13,"column":null}},"4":{"start":{"line":15,"column":23},"end":{"line":15,"column":null}},"5":{"start":{"line":16,"column":29},"end":{"line":16,"column":null}}},"fnMap":{},"branchMap":{"0":{"loc":{"start":{"line":6,"column":0},"end":{"line":8,"column":null}},"type":"if","locations":[{"start":{"line":6,"column":0},"end":{"line":8,"column":null}},{"start":{},"end":{}}],"line":6}},"s":{"0":1,"1":1,"2":0,"3":1,"4":1,"5":1},"f":{},"b":{"0":[0,1]},"meta":{"lastBranch":1,"lastFunction":0,"lastStatement":6,"seen":{"s:4:17:4:Infinity":0,"b:6:0:8:Infinity:undefined:undefined:undefined:undefined":0,"s:6:0:8:Infinity":1,"s:7:2:7:Infinity":2,"s:10:24:13:Infinity":3,"s:15:23:15:Infinity":4,"s:16:29:16:Infinity":5}}}
,"/Users/christianscheider/Dev/Heptacode/backend/src/ai/llmAdapter.ts": {"path":"/Users/christianscheider/Dev/Heptacode/backend/src/ai/llmAdapter.ts","statementMap":{"0":{"start":{"line":40,"column":2},"end":{"line":43,"column":null}},"1":{"start":{"line":41,"column":20},"end":{"line":41,"column":null}},"2":{"start":{"line":42,"column":4},"end":{"line":42,"column":null}},"3":{"start":{"line":45,"column":2},"end":{"line":45,"column":null}},"4":{"start":{"line":49,"column":2},"end":{"line":49,"column":null}},"5":{"start":{"line":61,"column":20},"end":{"line":61,"column":null}},"6":{"start":{"line":63,"column":2},"end":{"line":63,"column":null}},"7":{"start":{"line":65,"column":2},"end":{"line":84,"column":null}},"8":{"start":{"line":66,"column":19},"end":{"line":66,"column":null}},"9":{"start":{"line":68,"column":4},"end":{"line":71,"column":null}},"10":{"start":{"line":73,"column":4},"end":{"line":73,"column":null}},"11":{"start":{"line":75,"column":4},"end":{"line":81,"column":null}},"12":{"start":{"line":83,"column":4},"end":{"line":83,"column":null}},"13":{"start":{"line":97,"column":2},"end":{"line":175,"column":null}},"14":{"start":{"line":98,"column":23},"end":{"line":115,"column":null}},"15":{"start":{"line":106,"column":8},"end":{"line":114,"column":null}},"16":{"start":{"line":117,"column":19},"end":{"line":117,"column":null}},"17":{"start":{"line":119,"column":4},"end":{"line":121,"column":null}},"18":{"start":{"line":120,"column":6},"end":{"line":120,"column":null}},"19":{"start":{"line":123,"column":4},"end":{"line":123,"column":null}},"20":{"start":{"line":125,"column":4},"end":{"line":127,"column":null}},"21":{"start":{"line":126,"column":6},"end":{"line":126,"column":null}},"22":{"start":{"line":129,"column":23},"end":{"line":152,"column":null}},"23":{"start":{"line":137,"column":8},"end":{"line":151,"column":null}},"24":{"start":{"line":154,"column":20},"end":{"line":154,"column":null}},"25":{"start":{"line":156,"column":4},"end":{"line":158,"column":null}},"26":{"start":{"line":157,"column":6},"end":{"line":157,"column":null}},"27":{"start":{"line":162,"column":4},"end":{"line":166,"column":null}},"28":{"start":{"line":163,"column":6},"end":{"line":163,"column":null}},"29":{"start":{"line":165,"column":6},"end":{"line":165,"column":null}},"30":{"start":{"line":168,"column":22},"end":{"line":168,"column":null}},"31":{"start":{"line":170,"column":4},"end":{"line":172,"column":null}},"32":{"start":{"line":171,"column":6},"end":{"line":171,"column":null}},"33":{"start":{"line":174,"column":4},"end":{"line":174,"column":null}},"34":{"start":{"line":186,"column":19},"end":{"line":192,"column":null}},"35":{"start":{"line":194,"column":2},"end":{"line":194,"column":null}},"36":{"start":{"line":210,"column":18},"end":{"line":215,"column":null}},"37":{"start":{"line":217,"column":2},"end":{"line":222,"column":null}},"38":{"start":{"line":218,"column":4},"end":{"line":221,"column":null}},"39":{"start":{"line":224,"column":2},"end":{"line":238,"column":null}},"40":{"start":{"line":225,"column":4},"end":{"line":228,"column":null}},"41":{"start":{"line":230,"column":4},"end":{"line":232,"column":null}},"42":{"start":{"line":231,"column":6},"end":{"line":231,"column":null}},"43":{"start":{"line":234,"column":4},"end":{"line":237,"column":null}}},"fnMap":{"0":{"name":"getErrorStatus","decl":{"start":{"line":39,"column":9},"end":{"line":39,"column":24}},"loc":{"start":{"line":39,"column":60},"end":{"line":46,"column":null}},"line":39},"1":{"name":"getErrorMessage","decl":{"start":{"line":48,"column":9},"end":{"line":48,"column":25}},"loc":{"start":{"line":48,"column":49},"end":{"line":50,"column":null}},"line":48},"2":{"name":"runLoggedAiCall","decl":{"start":{"line":52,"column":15},"end":{"line":52,"column":null}},"loc":{"start":{"line":60,"column":14},"end":{"line":85,"column":null}},"line":60},"3":{"name":"requestWithModel","decl":{"start":{"line":87,"column":15},"end":{"line":87,"column":null}},"loc":{"start":{"line":96,"column":29},"end":{"line":176,"column":null}},"line":96},"4":{"name":"(anonymous_4)","decl":{"start":{"line":104,"column":6},"end":{"line":104,"column":null}},"loc":{"start":{"line":106,"column":8},"end":{"line":114,"column":null}},"line":106},"5":{"name":"(anonymous_5)","decl":{"start":{"line":135,"column":6},"end":{"line":135,"column":null}},"loc":{"start":{"line":137,"column":8},"end":{"line":151,"column":null}},"line":137},"6":{"name":"requestStructuredAiResponse","decl":{"start":{"line":179,"column":22},"end":{"line":179,"column":80}},"loc":{"start":{"line":185,"column":60},"end":{"line":195,"column":null}},"line":185},"7":{"name":"requestStructuredAiResponseWithModel","decl":{"start":{"line":203,"column":22},"end":{"line":203,"column":89}},"loc":{"start":{"line":209,"column":73},"end":{"line":239,"column":null}},"line":209}},"branchMap":{"0":{"loc":{"start":{"line":40,"column":2},"end":{"line":43,"column":null}},"type":"if","locations":[{"start":{"line":40,"column":2},"end":{"line":43,"column":null}},{"start":{},"end":{}}],"line":40},"1":{"loc":{"start":{"line":40,"column":6},"end":{"line":40,"column":72}},"type":"binary-expr","locations":[{"start":{"line":40,"column":6},"end":{"line":40,"column":35}},{"start":{"line":40,"column":35},"end":{"line":40,"column":53}},{"start":{"line":40,"column":53},"end":{"line":40,"column":72}}],"line":40},"2":{"loc":{"start":{"line":42,"column":11},"end":{"line":42,"column":null}},"type":"cond-expr","locations":[{"start":{"line":42,"column":40},"end":{"line":42,"column":49}},{"start":{"line":42,"column":49},"end":{"line":42,"column":null}}],"line":42},"3":{"loc":{"start":{"line":49,"column":9},"end":{"line":49,"column":null}},"type":"cond-expr","locations":[{"start":{"line":49,"column":34},"end":{"line":49,"column":50}},{"start":{"line":49,"column":50},"end":{"line":49,"column":null}}],"line":49},"4":{"loc":{"start":{"line":78,"column":17},"end":{"line":78,"column":null}},"type":"cond-expr","locations":[{"start":{"line":78,"column":42},"end":{"line":78,"column":55}},{"start":{"line":78,"column":55},"end":{"line":78,"column":null}}],"line":78},"5":{"loc":{"start":{"line":119,"column":4},"end":{"line":121,"column":null}},"type":"if","locations":[{"start":{"line":119,"column":4},"end":{"line":121,"column":null}},{"start":{},"end":{}}],"line":119},"6":{"loc":{"start":{"line":125,"column":4},"end":{"line":127,"column":null}},"type":"if","locations":[{"start":{"line":125,"column":4},"end":{"line":127,"column":null}},{"start":{},"end":{}}],"line":125},"7":{"loc":{"start":{"line":156,"column":4},"end":{"line":158,"column":null}},"type":"if","locations":[{"start":{"line":156,"column":4},"end":{"line":158,"column":null}},{"start":{},"end":{}}],"line":156},"8":{"loc":{"start":{"line":170,"column":4},"end":{"line":172,"column":null}},"type":"if","locations":[{"start":{"line":170,"column":4},"end":{"line":172,"column":null}},{"start":{},"end":{}}],"line":170},"9":{"loc":{"start":{"line":183,"column":2},"end":{"line":183,"column":null}},"type":"default-arg","locations":[{"start":{"line":183,"column":16},"end":{"line":183,"column":null}}],"line":183},"10":{"loc":{"start":{"line":207,"column":2},"end":{"line":207,"column":null}},"type":"default-arg","locations":[{"start":{"line":207,"column":16},"end":{"line":207,"column":null}}],"line":207},"11":{"loc":{"start":{"line":208,"column":2},"end":{"line":208,"column":null}},"type":"default-arg","locations":[{"start":{"line":208,"column":18},"end":{"line":208,"column":null}}],"line":208},"12":{"loc":{"start":{"line":217,"column":2},"end":{"line":222,"column":null}},"type":"if","locations":[{"start":{"line":217,"column":2},"end":{"line":222,"column":null}},{"start":{},"end":{}}],"line":217},"13":{"loc":{"start":{"line":230,"column":4},"end":{"line":232,"column":null}},"type":"if","locations":[{"start":{"line":230,"column":4},"end":{"line":232,"column":null}},{"start":{},"end":{}}],"line":230},"14":{"loc":{"start":{"line":230,"column":8},"end":{"line":230,"column":63}},"type":"binary-expr","locations":[{"start":{"line":230,"column":8},"end":{"line":230,"column":37}},{"start":{"line":230,"column":37},"end":{"line":230,"column":63}}],"line":230}},"s":{"0":2,"1":0,"2":0,"3":2,"4":2,"5":10,"6":10,"7":10,"8":10,"9":8,"10":8,"11":2,"12":2,"13":7,"14":7,"15":7,"16":6,"17":7,"18":2,"19":4,"20":3,"21":0,"22":3,"23":3,"24":2,"25":3,"26":2,"27":0,"28":0,"29":0,"30":0,"31":0,"32":0,"33":0,"34":3,"35":2,"36":5,"37":5,"38":1,"39":4,"40":4,"41":2,"42":0,"43":2},"f":{"0":2,"1":2,"2":10,"3":7,"4":7,"5":3,"6":3,"7":5},"b":{"0":[0,2],"1":[2,2,2],"2":[0,0],"3":[2,0],"4":[2,0],"5":[2,5],"6":[0,3],"7":[2,1],"8":[0,0],"9":[3],"10":[5],"11":[5],"12":[1,4],"13":[0,2],"14":[2,2]},"meta":{"lastBranch":15,"lastFunction":8,"lastStatement":44,"seen":{"f:39:9:39:24":0,"b:40:2:43:Infinity:undefined:undefined:undefined:undefined":0,"s:40:2:43:Infinity":0,"b:40:6:40:35:40:35:40:53:40:53:40:72":1,"s:41:20:41:Infinity":1,"s:42:4:42:Infinity":2,"b:42:40:42:49:42:49:42:Infinity":2,"s:45:2:45:Infinity":3,"f:48:9:48:25":1,"s:49:2:49:Infinity":4,"b:49:34:49:50:49:50:49:Infinity":3,"f:52:15:52:Infinity":2,"s:61:20:61:Infinity":5,"s:63:2:63:Infinity":6,"s:65:2:84:Infinity":7,"s:66:19:66:Infinity":8,"s:68:4:71:Infinity":9,"s:73:4:73:Infinity":10,"s:75:4:81:Infinity":11,"b:78:42:78:55:78:55:78:Infinity":4,"s:83:4:83:Infinity":12,"f:87:15:87:Infinity":3,"s:97:2:175:Infinity":13,"s:98:23:115:Infinity":14,"f:104:6:104:Infinity":4,"s:106:8:114:Infinity":15,"s:117:19:117:Infinity":16,"b:119:4:121:Infinity:undefined:undefined:undefined:undefined":5,"s:119:4:121:Infinity":17,"s:120:6:120:Infinity":18,"s:123:4:123:Infinity":19,"b:125:4:127:Infinity:undefined:undefined:undefined:undefined":6,"s:125:4:127:Infinity":20,"s:126:6:126:Infinity":21,"s:129:23:152:Infinity":22,"f:135:6:135:Infinity":5,"s:137:8:151:Infinity":23,"s:154:20:154:Infinity":24,"b:156:4:158:Infinity:undefined:undefined:undefined:undefined":7,"s:156:4:158:Infinity":25,"s:157:6:157:Infinity":26,"s:162:4:166:Infinity":27,"s:163:6:163:Infinity":28,"s:165:6:165:Infinity":29,"s:168:22:168:Infinity":30,"b:170:4:172:Infinity:undefined:undefined:undefined:undefined":8,"s:170:4:172:Infinity":31,"s:171:6:171:Infinity":32,"s:174:4:174:Infinity":33,"f:179:22:179:80":6,"b:183:16:183:Infinity":9,"s:186:19:192:Infinity":34,"s:194:2:194:Infinity":35,"f:203:22:203:89":7,"b:207:16:207:Infinity":10,"b:208:18:208:Infinity":11,"s:210:18:215:Infinity":36,"b:217:2:222:Infinity:undefined:undefined:undefined:undefined":12,"s:217:2:222:Infinity":37,"s:218:4:221:Infinity":38,"s:224:2:238:Infinity":39,"s:225:4:228:Infinity":40,"b:230:4:232:Infinity:undefined:undefined:undefined:undefined":13,"s:230:4:232:Infinity":41,"b:230:8:230:37:230:37:230:63":14,"s:231:6:231:Infinity":42,"s:234:4:237:Infinity":43}}}
,"/Users/christianscheider/Dev/Heptacode/backend/src/ai/timeout.ts": {"path":"/Users/christianscheider/Dev/Heptacode/backend/src/ai/timeout.ts","statementMap":{"0":{"start":{"line":4,"column":37},"end":{"line":7,"column":null}},"1":{"start":{"line":10,"column":34},"end":{"line":10,"column":null}},"2":{"start":{"line":13,"column":2},"end":{"line":16,"column":null}},"3":{"start":{"line":22,"column":4},"end":{"line":22,"column":null}},"4":{"start":{"line":23,"column":4},"end":{"line":23,"column":null}},"5":{"start":{"line":29,"column":2},"end":{"line":34,"column":null}},"6":{"start":{"line":41,"column":2},"end":{"line":43,"column":null}},"7":{"start":{"line":42,"column":4},"end":{"line":42,"column":null}},"8":{"start":{"line":45,"column":2},"end":{"line":47,"column":null}},"9":{"start":{"line":46,"column":4},"end":{"line":46,"column":null}},"10":{"start":{"line":48,"column":2},"end":{"line":48,"column":null}}},"fnMap":{"0":{"name":"createAiRequestOptions","decl":{"start":{"line":12,"column":16},"end":{"line":12,"column":39}},"loc":{"start":{"line":12,"column":58},"end":{"line":17,"column":null}},"line":12},"1":{"name":"constructor","decl":{"start":{"line":21,"column":2},"end":{"line":21,"column":14}},"loc":{"start":{"line":21,"column":31},"end":{"line":24,"column":null}},"line":21},"2":{"name":"isAiRequestError","decl":{"start":{"line":28,"column":16},"end":{"line":28,"column":33}},"loc":{"start":{"line":28,"column":58},"end":{"line":36,"column":null}},"line":28},"3":{"name":"isAiAvailabilityError","decl":{"start":{"line":40,"column":16},"end":{"line":40,"column":38}},"loc":{"start":{"line":40,"column":63},"end":{"line":49,"column":null}},"line":40}},"branchMap":{"0":{"loc":{"start":{"line":30,"column":4},"end":{"line":34,"column":null}},"type":"binary-expr","locations":[{"start":{"line":30,"column":4},"end":{"line":30,"column":null}},{"start":{"line":31,"column":4},"end":{"line":31,"column":null}},{"start":{"line":32,"column":4},"end":{"line":32,"column":null}},{"start":{"line":33,"column":4},"end":{"line":33,"column":null}},{"start":{"line":34,"column":4},"end":{"line":34,"column":null}}],"line":30},"1":{"loc":{"start":{"line":41,"column":2},"end":{"line":43,"column":null}},"type":"if","locations":[{"start":{"line":41,"column":2},"end":{"line":43,"column":null}},{"start":{},"end":{}}],"line":41},"2":{"loc":{"start":{"line":41,"column":6},"end":{"line":41,"column":89}},"type":"binary-expr","locations":[{"start":{"line":41,"column":6},"end":{"line":41,"column":45}},{"start":{"line":41,"column":45},"end":{"line":41,"column":89}}],"line":41},"3":{"loc":{"start":{"line":45,"column":2},"end":{"line":47,"column":null}},"type":"if","locations":[{"start":{"line":45,"column":2},"end":{"line":47,"column":null}},{"start":{},"end":{}}],"line":45},"4":{"loc":{"start":{"line":45,"column":6},"end":{"line":45,"column":69}},"type":"binary-expr","locations":[{"start":{"line":45,"column":6},"end":{"line":45,"column":42}},{"start":{"line":45,"column":42},"end":{"line":45,"column":69}}],"line":45},"5":{"loc":{"start":{"line":46,"column":11},"end":{"line":46,"column":null}},"type":"binary-expr","locations":[{"start":{"line":46,"column":11},"end":{"line":46,"column":36}},{"start":{"line":46,"column":36},"end":{"line":46,"column":72}},{"start":{"line":46,"column":72},"end":{"line":46,"column":null}}],"line":46}},"s":{"0":8,"1":8,"2":21,"3":15,"4":15,"5":14,"6":3,"7":0,"8":3,"9":0,"10":3},"f":{"0":21,"1":15,"2":14,"3":3},"b":{"0":[14,4,4,4,4],"1":[0,3],"2":[3,3],"3":[0,3],"4":[3,3],"5":[0,0,0]},"meta":{"lastBranch":6,"lastFunction":4,"lastStatement":11,"seen":{"s:4:37:7:Infinity":0,"s:10:34:10:Infinity":1,"f:12:16:12:39":0,"s:13:2:16:Infinity":2,"f:21:2:21:14":1,"s:22:4:22:Infinity":3,"s:23:4:23:Infinity":4,"f:28:16:28:33":2,"s:29:2:34:Infinity":5,"b:30:4:30:Infinity:31:4:31:Infinity:32:4:32:Infinity:33:4:33:Infinity:34:4:34:Infinity":0,"f:40:16:40:38":3,"b:41:2:43:Infinity:undefined:undefined:undefined:undefined":1,"s:41:2:43:Infinity":6,"b:41:6:41:45:41:45:41:89":2,"s:42:4:42:Infinity":7,"b:45:2:47:Infinity:undefined:undefined:undefined:undefined":3,"s:45:2:47:Infinity":8,"b:45:6:45:42:45:42:45:69":4,"s:46:4:46:Infinity":9,"b:46:11:46:36:46:36:46:72:46:72:46:Infinity":5,"s:48:2:48:Infinity":10}}}
,"/Users/christianscheider/Dev/Heptacode/backend/src/common/patientPlausibility.ts": {"path":"/Users/christianscheider/Dev/Heptacode/backend/src/common/patientPlausibility.ts","statementMap":{"0":{"start":{"line":5,"column":2},"end":{"line":5,"column":null}},"1":{"start":{"line":8,"column":2},"end":{"line":8,"column":null}},"2":{"start":{"line":12,"column":2},"end":{"line":15,"column":null}},"3":{"start":{"line":19,"column":2},"end":{"line":21,"column":null}},"4":{"start":{"line":20,"column":4},"end":{"line":20,"column":null}},"5":{"start":{"line":23,"column":27},"end":{"line":23,"column":null}},"6":{"start":{"line":24,"column":2},"end":{"line":24,"column":null}},"7":{"start":{"line":28,"column":2},"end":{"line":30,"column":null}},"8":{"start":{"line":29,"column":4},"end":{"line":29,"column":null}},"9":{"start":{"line":32,"column":25},"end":{"line":32,"column":null}},"10":{"start":{"line":34,"column":27},"end":{"line":34,"column":null}},"11":{"start":{"line":36,"column":4},"end":{"line":36,"column":null}},"12":{"start":{"line":37,"column":23},"end":{"line":37,"column":null}},"13":{"start":{"line":39,"column":2},"end":{"line":39,"column":null}},"14":{"start":{"line":47,"column":2},"end":{"line":49,"column":null}},"15":{"start":{"line":48,"column":4},"end":{"line":48,"column":null}},"16":{"start":{"line":51,"column":8},"end":{"line":61,"column":null}},"17":{"start":{"line":52,"column":4},"end":{"line":60,"column":null}},"18":{"start":{"line":58,"column":42},"end":{"line":58,"column":55}},"19":{"start":{"line":63,"column":2},"end":{"line":65,"column":null}},"20":{"start":{"line":64,"column":4},"end":{"line":64,"column":null}},"21":{"start":{"line":67,"column":2},"end":{"line":67,"column":null}}},"fnMap":{"0":{"name":"hasText","decl":{"start":{"line":7,"column":9},"end":{"line":7,"column":17}},"loc":{"start":{"line":7,"column":61},"end":{"line":9,"column":null}},"line":7},"1":{"name":"normalizeForPlausibilityCheck","decl":{"start":{"line":11,"column":9},"end":{"line":11,"column":39}},"loc":{"start":{"line":11,"column":62},"end":{"line":16,"column":null}},"line":11},"2":{"name":"isMaleGender","decl":{"start":{"line":18,"column":9},"end":{"line":18,"column":22}},"loc":{"start":{"line":18,"column":59},"end":{"line":25,"column":null}},"line":18},"3":{"name":"mentionsPregnancyOrLabor","decl":{"start":{"line":27,"column":9},"end":{"line":27,"column":34}},"loc":{"start":{"line":27,"column":70},"end":{"line":40,"column":null}},"line":27},"4":{"name":"getPatientPlausibilityError","decl":{"start":{"line":42,"column":16},"end":{"line":42,"column":null}},"loc":{"start":{"line":46,"column":17},"end":{"line":68,"column":null}},"line":46},"5":{"name":"(anonymous_5)","decl":{"start":{"line":51,"column":46},"end":{"line":51,"column":52}},"loc":{"start":{"line":52,"column":4},"end":{"line":60,"column":null}},"line":52},"6":{"name":"(anonymous_6)","decl":{"start":{"line":58,"column":9},"end":{"line":58,"column":17}},"loc":{"start":{"line":58,"column":42},"end":{"line":58,"column":55}},"line":58}},"branchMap":{"0":{"loc":{"start":{"line":8,"column":17},"end":{"line":8,"column":49}},"type":"binary-expr","locations":[{"start":{"line":8,"column":17},"end":{"line":8,"column":26}},{"start":{"line":8,"column":26},"end":{"line":8,"column":49}}],"line":8},"1":{"loc":{"start":{"line":19,"column":2},"end":{"line":21,"column":null}},"type":"if","locations":[{"start":{"line":19,"column":2},"end":{"line":21,"column":null}},{"start":{},"end":{}}],"line":19},"2":{"loc":{"start":{"line":28,"column":2},"end":{"line":30,"column":null}},"type":"if","locations":[{"start":{"line":28,"column":2},"end":{"line":30,"column":null}},{"start":{},"end":{}}],"line":28},"3":{"loc":{"start":{"line":39,"column":9},"end":{"line":39,"column":null}},"type":"binary-expr","locations":[{"start":{"line":39,"column":9},"end":{"line":39,"column":26}},{"start":{"line":39,"column":26},"end":{"line":39,"column":46}},{"start":{"line":39,"column":46},"end":{"line":39,"column":null}}],"line":39},"4":{"loc":{"start":{"line":47,"column":2},"end":{"line":49,"column":null}},"type":"if","locations":[{"start":{"line":47,"column":2},"end":{"line":49,"column":null}},{"start":{},"end":{}}],"line":47},"5":{"loc":{"start":{"line":51,"column":30},"end":{"line":51,"column":46}},"type":"binary-expr","locations":[{"start":{"line":51,"column":30},"end":{"line":51,"column":42}},{"start":{"line":51,"column":42},"end":{"line":51,"column":46}}],"line":51},"6":{"loc":{"start":{"line":63,"column":2},"end":{"line":65,"column":null}},"type":"if","locations":[{"start":{"line":63,"column":2},"end":{"line":65,"column":null}},{"start":{},"end":{}}],"line":63},"7":{"loc":{"start":{"line":63,"column":6},"end":{"line":63,"column":87}},"type":"binary-expr","locations":[{"start":{"line":63,"column":6},"end":{"line":63,"column":33}},{"start":{"line":63,"column":33},"end":{"line":63,"column":67}},{"start":{"line":63,"column":67},"end":{"line":63,"column":87}}],"line":63}},"s":{"0":6,"1":6,"2":12,"3":44,"4":37,"5":7,"6":7,"7":6,"8":1,"9":5,"10":5,"11":5,"12":5,"13":5,"14":44,"15":39,"16":5,"17":1,"18":3,"19":44,"20":5,"21":0},"f":{"0":6,"1":12,"2":44,"3":6,"4":44,"5":1,"6":3},"b":{"0":[6,5],"1":[37,7],"2":[1,5],"3":[5,0,0],"4":[39,5],"5":[5,4],"6":[5,39],"7":[44,5,1]},"meta":{"lastBranch":8,"lastFunction":7,"lastStatement":22,"seen":{"s:5:2:5:Infinity":0,"f:7:9:7:17":0,"s:8:2:8:Infinity":1,"b:8:17:8:26:8:26:8:49":0,"f:11:9:11:39":1,"s:12:2:15:Infinity":2,"f:18:9:18:22":2,"b:19:2:21:Infinity:undefined:undefined:undefined:undefined":1,"s:19:2:21:Infinity":3,"s:20:4:20:Infinity":4,"s:23:27:23:Infinity":5,"s:24:2:24:Infinity":6,"f:27:9:27:34":3,"b:28:2:30:Infinity:undefined:undefined:undefined:undefined":2,"s:28:2:30:Infinity":7,"s:29:4:29:Infinity":8,"s:32:25:32:Infinity":9,"s:34:27:34:Infinity":10,"s:36:4:36:Infinity":11,"s:37:23:37:Infinity":12,"s:39:2:39:Infinity":13,"b:39:9:39:26:39:26:39:46:39:46:39:Infinity":3,"f:42:16:42:Infinity":4,"b:47:2:49:Infinity:undefined:undefined:undefined:undefined":4,"s:47:2:49:Infinity":14,"s:48:4:48:Infinity":15,"s:51:8:61:Infinity":16,"b:51:30:51:42:51:42:51:46":5,"f:51:46:51:52":5,"s:52:4:60:Infinity":17,"f:58:9:58:17":6,"s:58:42:58:55":18,"b:63:2:65:Infinity:undefined:undefined:undefined:undefined":6,"s:63:2:65:Infinity":19,"b:63:6:63:33:63:33:63:67:63:67:63:87":7,"s:64:4:64:Infinity":20,"s:67:2:67:Infinity":21}}}
,"/Users/christianscheider/Dev/Heptacode/backend/src/common/errors/ApiError.ts": {"path":"/Users/christianscheider/Dev/Heptacode/backend/src/common/errors/ApiError.ts","statementMap":{"0":{"start":{"line":12,"column":4},"end":{"line":12,"column":null}},"1":{"start":{"line":14,"column":4},"end":{"line":14,"column":null}},"2":{"start":{"line":15,"column":4},"end":{"line":15,"column":null}},"3":{"start":{"line":16,"column":4},"end":{"line":16,"column":null}}},"fnMap":{"0":{"name":"constructor","decl":{"start":{"line":6,"column":2},"end":{"line":6,"column":null}},"loc":{"start":{"line":11,"column":4},"end":{"line":17,"column":null}},"line":11}},"branchMap":{},"s":{"0":4,"1":4,"2":4,"3":4},"f":{"0":4},"b":{},"meta":{"lastBranch":0,"lastFunction":1,"lastStatement":4,"seen":{"f:6:2:6:Infinity":0,"s:12:4:12:Infinity":0,"s:14:4:14:Infinity":1,"s:15:4:15:Infinity":2,"s:16:4:16:Infinity":3}}}
,"/Users/christianscheider/Dev/Heptacode/backend/src/common/middleware/errorHandler.ts": {"path":"/Users/christianscheider/Dev/Heptacode/backend/src/common/middleware/errorHandler.ts","statementMap":{"0":{"start":{"line":5,"column":6},"end":{"line":9,"column":null}},"1":{"start":{"line":6,"column":2},"end":{"line":9,"column":null}},"2":{"start":{"line":6,"column":31},"end":{"line":9,"column":4}},"3":{"start":{"line":11,"column":13},"end":{"line":47,"column":null}},"4":{"start":{"line":16,"column":2},"end":{"line":25,"column":null}},"5":{"start":{"line":17,"column":4},"end":{"line":24,"column":null}},"6":{"start":{"line":27,"column":2},"end":{"line":36,"column":null}},"7":{"start":{"line":28,"column":4},"end":{"line":35,"column":null}},"8":{"start":{"line":38,"column":2},"end":{"line":38,"column":null}},"9":{"start":{"line":40,"column":2},"end":{"line":46,"column":null}}},"fnMap":{"0":{"name":"(anonymous_0)","decl":{"start":{"line":5,"column":6},"end":{"line":5,"column":25}},"loc":{"start":{"line":6,"column":2},"end":{"line":9,"column":null}},"line":6},"1":{"name":"(anonymous_1)","decl":{"start":{"line":6,"column":15},"end":{"line":6,"column":20}},"loc":{"start":{"line":6,"column":31},"end":{"line":9,"column":4}},"line":6},"2":{"name":"(anonymous_2)","decl":{"start":{"line":11,"column":13},"end":{"line":11,"column":null}},"loc":{"start":{"line":15,"column":5},"end":{"line":47,"column":null}},"line":15}},"branchMap":{"0":{"loc":{"start":{"line":16,"column":2},"end":{"line":25,"column":null}},"type":"if","locations":[{"start":{"line":16,"column":2},"end":{"line":25,"column":null}},{"start":{},"end":{}}],"line":16},"1":{"loc":{"start":{"line":27,"column":2},"end":{"line":36,"column":null}},"type":"if","locations":[{"start":{"line":27,"column":2},"end":{"line":36,"column":null}},{"start":{},"end":{}}],"line":27}},"s":{"0":4,"1":3,"2":3,"3":4,"4":4,"5":3,"6":1,"7":1,"8":0,"9":0},"f":{"0":3,"1":3,"2":4},"b":{"0":[3,1],"1":[1,0]},"meta":{"lastBranch":2,"lastFunction":3,"lastStatement":10,"seen":{"s:5:6:9:Infinity":0,"f:5:6:5:25":0,"s:6:2:9:Infinity":1,"f:6:15:6:20":1,"s:6:31:9:4":2,"s:11:13:47:Infinity":3,"f:11:13:11:Infinity":2,"b:16:2:25:Infinity:undefined:undefined:undefined:undefined":0,"s:16:2:25:Infinity":4,"s:17:4:24:Infinity":5,"b:27:2:36:Infinity:undefined:undefined:undefined:undefined":1,"s:27:2:36:Infinity":6,"s:28:4:35:Infinity":7,"s:38:2:38:Infinity":8,"s:40:2:46:Infinity":9}}}
,"/Users/christianscheider/Dev/Heptacode/backend/src/common/middleware/notFoundHandler.ts": {"path":"/Users/christianscheider/Dev/Heptacode/backend/src/common/middleware/notFoundHandler.ts","statementMap":{"0":{"start":{"line":3,"column":13},"end":{"line":14,"column":null}},"1":{"start":{"line":7,"column":2},"end":{"line":13,"column":null}}},"fnMap":{"0":{"name":"(anonymous_0)","decl":{"start":{"line":3,"column":13},"end":{"line":3,"column":null}},"loc":{"start":{"line":6,"column":5},"end":{"line":14,"column":null}},"line":6}},"branchMap":{},"s":{"0":4,"1":0},"f":{"0":0},"b":{},"meta":{"lastBranch":0,"lastFunction":1,"lastStatement":2,"seen":{"s:3:13:14:Infinity":0,"f:3:13:3:Infinity":0,"s:7:2:13:Infinity":1}}}
,"/Users/christianscheider/Dev/Heptacode/backend/src/common/middleware/validateRequest.ts": {"path":"/Users/christianscheider/Dev/Heptacode/backend/src/common/middleware/validateRequest.ts","statementMap":{"0":{"start":{"line":10,"column":6},"end":{"line":15,"column":null}},"1":{"start":{"line":11,"column":2},"end":{"line":14,"column":null}},"2":{"start":{"line":11,"column":43},"end":{"line":14,"column":4}},"3":{"start":{"line":17,"column":13},"end":{"line":70,"column":null}},"4":{"start":{"line":18,"column":2},"end":{"line":69,"column":null}},"5":{"start":{"line":19,"column":4},"end":{"line":34,"column":null}},"6":{"start":{"line":20,"column":21},"end":{"line":20,"column":null}},"7":{"start":{"line":22,"column":6},"end":{"line":31,"column":null}},"8":{"start":{"line":23,"column":8},"end":{"line":30,"column":null}},"9":{"start":{"line":33,"column":6},"end":{"line":33,"column":null}},"10":{"start":{"line":36,"column":4},"end":{"line":51,"column":null}},"11":{"start":{"line":37,"column":21},"end":{"line":37,"column":null}},"12":{"start":{"line":39,"column":6},"end":{"line":48,"column":null}},"13":{"start":{"line":40,"column":8},"end":{"line":47,"column":null}},"14":{"start":{"line":50,"column":6},"end":{"line":50,"column":null}},"15":{"start":{"line":53,"column":4},"end":{"line":68,"column":null}},"16":{"start":{"line":54,"column":21},"end":{"line":54,"column":null}},"17":{"start":{"line":56,"column":6},"end":{"line":65,"column":null}},"18":{"start":{"line":57,"column":8},"end":{"line":64,"column":null}},"19":{"start":{"line":67,"column":6},"end":{"line":67,"column":null}}},"fnMap":{"0":{"name":"(anonymous_0)","decl":{"start":{"line":10,"column":6},"end":{"line":10,"column":25}},"loc":{"start":{"line":10,"column":40},"end":{"line":15,"column":null}},"line":10},"1":{"name":"(anonymous_1)","decl":{"start":{"line":11,"column":22},"end":{"line":11,"column":27}},"loc":{"start":{"line":11,"column":43},"end":{"line":14,"column":4}},"line":11},"2":{"name":"(anonymous_2)","decl":{"start":{"line":17,"column":13},"end":{"line":17,"column":32}},"loc":{"start":{"line":17,"column":60},"end":{"line":70,"column":null}},"line":17},"3":{"name":"(anonymous_3)","decl":{"start":{"line":18,"column":9},"end":{"line":18,"column":16}},"loc":{"start":{"line":18,"column":65},"end":{"line":69,"column":null}},"line":18}},"branchMap":{"0":{"loc":{"start":{"line":19,"column":4},"end":{"line":34,"column":null}},"type":"if","locations":[{"start":{"line":19,"column":4},"end":{"line":34,"column":null}},{"start":{},"end":{}}],"line":19},"1":{"loc":{"start":{"line":22,"column":6},"end":{"line":31,"column":null}},"type":"if","locations":[{"start":{"line":22,"column":6},"end":{"line":31,"column":null}},{"start":{},"end":{}}],"line":22},"2":{"loc":{"start":{"line":36,"column":4},"end":{"line":51,"column":null}},"type":"if","locations":[{"start":{"line":36,"column":4},"end":{"line":51,"column":null}},{"start":{},"end":{}}],"line":36},"3":{"loc":{"start":{"line":39,"column":6},"end":{"line":48,"column":null}},"type":"if","locations":[{"start":{"line":39,"column":6},"end":{"line":48,"column":null}},{"start":{},"end":{}}],"line":39},"4":{"loc":{"start":{"line":53,"column":4},"end":{"line":68,"column":null}},"type":"if","locations":[{"start":{"line":53,"column":4},"end":{"line":68,"column":null}},{"start":{},"end":{}}],"line":53},"5":{"loc":{"start":{"line":56,"column":6},"end":{"line":65,"column":null}},"type":"if","locations":[{"start":{"line":56,"column":6},"end":{"line":65,"column":null}},{"start":{},"end":{}}],"line":56}},"s":{"0":4,"1":1,"2":1,"3":4,"4":20,"5":6,"6":6,"7":6,"8":1,"9":5,"10":5,"11":0,"12":0,"13":0,"14":0,"15":5,"16":0,"17":0,"18":0,"19":0},"f":{"0":1,"1":1,"2":20,"3":6},"b":{"0":[6,0],"1":[1,5],"2":[0,5],"3":[0,0],"4":[0,5],"5":[0,0]},"meta":{"lastBranch":6,"lastFunction":4,"lastStatement":20,"seen":{"s:10:6:15:Infinity":0,"f:10:6:10:25":0,"s:11:2:14:Infinity":1,"f:11:22:11:27":1,"s:11:43:14:4":2,"s:17:13:70:Infinity":3,"f:17:13:17:32":2,"s:18:2:69:Infinity":4,"f:18:9:18:16":3,"b:19:4:34:Infinity:undefined:undefined:undefined:undefined":0,"s:19:4:34:Infinity":5,"s:20:21:20:Infinity":6,"b:22:6:31:Infinity:undefined:undefined:undefined:undefined":1,"s:22:6:31:Infinity":7,"s:23:8:30:Infinity":8,"s:33:6:33:Infinity":9,"b:36:4:51:Infinity:undefined:undefined:undefined:undefined":2,"s:36:4:51:Infinity":10,"s:37:21:37:Infinity":11,"b:39:6:48:Infinity:undefined:undefined:undefined:undefined":3,"s:39:6:48:Infinity":12,"s:40:8:47:Infinity":13,"s:50:6:50:Infinity":14,"b:53:4:68:Infinity:undefined:undefined:undefined:undefined":4,"s:53:4:68:Infinity":15,"s:54:21:54:Infinity":16,"b:56:6:65:Infinity:undefined:undefined:undefined:undefined":5,"s:56:6:65:Infinity":17,"s:57:8:64:Infinity":18,"s:67:6:67:Infinity":19}}}
,"/Users/christianscheider/Dev/Heptacode/backend/src/config/env.ts": {"path":"/Users/christianscheider/Dev/Heptacode/backend/src/config/env.ts","statementMap":{"0":{"start":{"line":17,"column":2},"end":{"line":19,"column":null}},"1":{"start":{"line":18,"column":4},"end":{"line":18,"column":null}},"2":{"start":{"line":21,"column":2},"end":{"line":38,"column":null}},"3":{"start":{"line":22,"column":24},"end":{"line":22,"column":null}},"4":{"start":{"line":24,"column":4},"end":{"line":26,"column":null}},"5":{"start":{"line":25,"column":6},"end":{"line":25,"column":null}},"6":{"start":{"line":28,"column":27},"end":{"line":28,"column":null}},"7":{"start":{"line":30,"column":4},"end":{"line":32,"column":null}},"8":{"start":{"line":31,"column":6},"end":{"line":31,"column":null}},"9":{"start":{"line":34,"column":16},"end":{"line":34,"column":null}},"10":{"start":{"line":35,"column":18},"end":{"line":35,"column":null}},"11":{"start":{"line":37,"column":4},"end":{"line":37,"column":null}},"12":{"start":{"line":42,"column":14},"end":{"line":42,"column":null}},"13":{"start":{"line":43,"column":21},"end":{"line":48,"column":null}},"14":{"start":{"line":50,"column":2},"end":{"line":52,"column":null}},"15":{"start":{"line":51,"column":4},"end":{"line":51,"column":null}},"16":{"start":{"line":56,"column":17},"end":{"line":56,"column":null}},"17":{"start":{"line":57,"column":2},"end":{"line":57,"column":null}},"18":{"start":{"line":61,"column":2},"end":{"line":63,"column":null}},"19":{"start":{"line":62,"column":4},"end":{"line":62,"column":null}},"20":{"start":{"line":65,"column":2},"end":{"line":65,"column":null}},"21":{"start":{"line":68,"column":0},"end":{"line":68,"column":null}},"22":{"start":{"line":70,"column":30},"end":{"line":78,"column":null}}},"fnMap":{"0":{"name":"loadEnvFile","decl":{"start":{"line":16,"column":9},"end":{"line":16,"column":21}},"loc":{"start":{"line":16,"column":41},"end":{"line":39,"column":null}},"line":16},"1":{"name":"loadLocalEnvFiles","decl":{"start":{"line":41,"column":9},"end":{"line":41,"column":35}},"loc":{"start":{"line":41,"column":35},"end":{"line":53,"column":null}},"line":41},"2":{"name":"readPort","decl":{"start":{"line":55,"column":9},"end":{"line":55,"column":18}},"loc":{"start":{"line":55,"column":53},"end":{"line":58,"column":null}},"line":55},"3":{"name":"readRequired","decl":{"start":{"line":60,"column":9},"end":{"line":60,"column":22}},"loc":{"start":{"line":60,"column":71},"end":{"line":66,"column":null}},"line":60}},"branchMap":{"0":{"loc":{"start":{"line":17,"column":2},"end":{"line":19,"column":null}},"type":"if","locations":[{"start":{"line":17,"column":2},"end":{"line":19,"column":null}},{"start":{},"end":{}}],"line":17},"1":{"loc":{"start":{"line":24,"column":4},"end":{"line":26,"column":null}},"type":"if","locations":[{"start":{"line":24,"column":4},"end":{"line":26,"column":null}},{"start":{},"end":{}}],"line":24},"2":{"loc":{"start":{"line":24,"column":8},"end":{"line":24,"column":53}},"type":"binary-expr","locations":[{"start":{"line":24,"column":8},"end":{"line":24,"column":24}},{"start":{"line":24,"column":24},"end":{"line":24,"column":53}}],"line":24},"3":{"loc":{"start":{"line":30,"column":4},"end":{"line":32,"column":null}},"type":"if","locations":[{"start":{"line":30,"column":4},"end":{"line":32,"column":null}},{"start":{},"end":{}}],"line":30},"4":{"loc":{"start":{"line":56,"column":24},"end":{"line":56,"column":39}},"type":"binary-expr","locations":[{"start":{"line":56,"column":24},"end":{"line":56,"column":33}},{"start":{"line":56,"column":33},"end":{"line":56,"column":39}}],"line":56},"5":{"loc":{"start":{"line":57,"column":9},"end":{"line":57,"column":null}},"type":"cond-expr","locations":[{"start":{"line":57,"column":49},"end":{"line":57,"column":58}},{"start":{"line":57,"column":58},"end":{"line":57,"column":null}}],"line":57},"6":{"loc":{"start":{"line":57,"column":9},"end":{"line":57,"column":49}},"type":"binary-expr","locations":[{"start":{"line":57,"column":9},"end":{"line":57,"column":36}},{"start":{"line":57,"column":36},"end":{"line":57,"column":49}}],"line":57},"7":{"loc":{"start":{"line":61,"column":2},"end":{"line":63,"column":null}},"type":"if","locations":[{"start":{"line":61,"column":2},"end":{"line":63,"column":null}},{"start":{},"end":{}}],"line":61},"8":{"loc":{"start":{"line":72,"column":8},"end":{"line":72,"column":null}},"type":"binary-expr","locations":[{"start":{"line":72,"column":8},"end":{"line":72,"column":28}},{"start":{"line":72,"column":28},"end":{"line":72,"column":null}}],"line":72},"9":{"loc":{"start":{"line":73,"column":14},"end":{"line":73,"column":null}},"type":"binary-expr","locations":[{"start":{"line":73,"column":14},"end":{"line":73,"column":41}},{"start":{"line":73,"column":41},"end":{"line":73,"column":null}}],"line":73},"10":{"loc":{"start":{"line":75,"column":12},"end":{"line":75,"column":null}},"type":"binary-expr","locations":[{"start":{"line":75,"column":12},"end":{"line":75,"column":38}},{"start":{"line":75,"column":38},"end":{"line":75,"column":null}}],"line":75},"11":{"loc":{"start":{"line":76,"column":11},"end":{"line":76,"column":null}},"type":"binary-expr","locations":[{"start":{"line":76,"column":11},"end":{"line":76,"column":35}},{"start":{"line":76,"column":35},"end":{"line":76,"column":null}}],"line":76},"12":{"loc":{"start":{"line":77,"column":17},"end":{"line":77,"column":null}},"type":"binary-expr","locations":[{"start":{"line":77,"column":17},"end":{"line":77,"column":47}},{"start":{"line":77,"column":47},"end":{"line":77,"column":null}}],"line":77}},"s":{"0":16,"1":12,"2":4,"3":28,"4":28,"5":0,"6":28,"7":28,"8":0,"9":28,"10":28,"11":28,"12":4,"13":4,"14":4,"15":16,"16":4,"17":4,"18":4,"19":0,"20":4,"21":4,"22":4},"f":{"0":16,"1":4,"2":4,"3":4},"b":{"0":[12,4],"1":[0,28],"2":[28,28],"3":[0,28],"4":[4,0],"5":[4,0],"6":[4,4],"7":[0,4],"8":[4,4],"9":[4,0],"10":[4,0],"11":[4,0],"12":[4,0]},"meta":{"lastBranch":13,"lastFunction":4,"lastStatement":23,"seen":{"f:16:9:16:21":0,"b:17:2:19:Infinity:undefined:undefined:undefined:undefined":0,"s:17:2:19:Infinity":0,"s:18:4:18:Infinity":1,"s:21:2:38:Infinity":2,"s:22:24:22:Infinity":3,"b:24:4:26:Infinity:undefined:undefined:undefined:undefined":1,"s:24:4:26:Infinity":4,"b:24:8:24:24:24:24:24:53":2,"s:25:6:25:Infinity":5,"s:28:27:28:Infinity":6,"b:30:4:32:Infinity:undefined:undefined:undefined:undefined":3,"s:30:4:32:Infinity":7,"s:31:6:31:Infinity":8,"s:34:16:34:Infinity":9,"s:35:18:35:Infinity":10,"s:37:4:37:Infinity":11,"f:41:9:41:35":1,"s:42:14:42:Infinity":12,"s:43:21:48:Infinity":13,"s:50:2:52:Infinity":14,"s:51:4:51:Infinity":15,"f:55:9:55:18":2,"s:56:17:56:Infinity":16,"b:56:24:56:33:56:33:56:39":4,"s:57:2:57:Infinity":17,"b:57:49:57:58:57:58:57:Infinity":5,"b:57:9:57:36:57:36:57:49":6,"f:60:9:60:22":3,"b:61:2:63:Infinity:undefined:undefined:undefined:undefined":7,"s:61:2:63:Infinity":18,"s:62:4:62:Infinity":19,"s:65:2:65:Infinity":20,"s:68:0:68:Infinity":21,"s:70:30:78:Infinity":22,"b:72:8:72:28:72:28:72:Infinity":8,"b:73:14:73:41:73:41:73:Infinity":9,"b:75:12:75:38:75:38:75:Infinity":10,"b:76:11:76:35:76:35:76:Infinity":11,"b:77:17:77:47:77:47:77:Infinity":12}}}
,"/Users/christianscheider/Dev/Heptacode/backend/src/modules/assessment/assessment.service.ts": {"path":"/Users/christianscheider/Dev/Heptacode/backend/src/modules/assessment/assessment.service.ts","statementMap":{"0":{"start":{"line":5,"column":48},"end":{"line":10,"column":null}},"1":{"start":{"line":12,"column":71},"end":{"line":17,"column":null}},"2":{"start":{"line":20,"column":2},"end":{"line":20,"column":null}},"3":{"start":{"line":30,"column":27},"end":{"line":32,"column":null}},"4":{"start":{"line":31,"column":28},"end":{"line":31,"column":43}},"5":{"start":{"line":32,"column":34},"end":{"line":32,"column":66}},"6":{"start":{"line":34,"column":2},"end":{"line":63,"column":null}},"7":{"start":{"line":63,"column":37},"end":{"line":63,"column":50}},"8":{"start":{"line":67,"column":2},"end":{"line":67,"column":null}},"9":{"start":{"line":71,"column":2},"end":{"line":73,"column":null}},"10":{"start":{"line":72,"column":4},"end":{"line":72,"column":null}},"11":{"start":{"line":75,"column":2},"end":{"line":80,"column":null}},"12":{"start":{"line":78,"column":8},"end":{"line":78,"column":null}},"13":{"start":{"line":90,"column":2},"end":{"line":103,"column":null}},"14":{"start":{"line":92,"column":31},"end":{"line":92,"column":null}},"15":{"start":{"line":93,"column":19},"end":{"line":93,"column":null}},"16":{"start":{"line":94,"column":23},"end":{"line":94,"column":null}},"17":{"start":{"line":96,"column":6},"end":{"line":101,"column":null}},"18":{"start":{"line":101,"column":41},"end":{"line":101,"column":54}},"19":{"start":{"line":113,"column":2},"end":{"line":120,"column":null}},"20":{"start":{"line":113,"column":36},"end":{"line":120,"column":4}},"21":{"start":{"line":130,"column":2},"end":{"line":143,"column":null}},"22":{"start":{"line":155,"column":2},"end":{"line":165,"column":null}},"23":{"start":{"line":157,"column":6},"end":{"line":157,"column":null}},"24":{"start":{"line":159,"column":6},"end":{"line":159,"column":null}},"25":{"start":{"line":161,"column":6},"end":{"line":161,"column":null}},"26":{"start":{"line":164,"column":6},"end":{"line":164,"column":null}},"27":{"start":{"line":175,"column":16},"end":{"line":179,"column":null}},"28":{"start":{"line":177,"column":22},"end":{"line":177,"column":52}},"29":{"start":{"line":178,"column":19},"end":{"line":178,"column":30}},"30":{"start":{"line":179,"column":22},"end":{"line":179,"column":37}},"31":{"start":{"line":181,"column":24},"end":{"line":183,"column":null}},"32":{"start":{"line":182,"column":4},"end":{"line":182,"column":null}},"33":{"start":{"line":185,"column":2},"end":{"line":188,"column":null}},"34":{"start":{"line":200,"column":23},"end":{"line":203,"column":null}},"35":{"start":{"line":206,"column":27},"end":{"line":206,"column":null}},"36":{"start":{"line":207,"column":24},"end":{"line":210,"column":null}},"37":{"start":{"line":212,"column":4},"end":{"line":212,"column":null}},"38":{"start":{"line":214,"column":2},"end":{"line":229,"column":null}}},"fnMap":{"0":{"name":"hasText","decl":{"start":{"line":19,"column":9},"end":{"line":19,"column":17}},"loc":{"start":{"line":19,"column":61},"end":{"line":21,"column":null}},"line":19},"1":{"name":"buildPatientDataLines","decl":{"start":{"line":29,"column":9},"end":{"line":29,"column":31}},"loc":{"start":{"line":29,"column":88},"end":{"line":64,"column":null}},"line":29},"2":{"name":"(anonymous_2)","decl":{"start":{"line":31,"column":5},"end":{"line":31,"column":13}},"loc":{"start":{"line":31,"column":28},"end":{"line":31,"column":43}},"line":31},"3":{"name":"(anonymous_3)","decl":{"start":{"line":32,"column":5},"end":{"line":32,"column":10}},"loc":{"start":{"line":32,"column":34},"end":{"line":32,"column":66}},"line":32},"4":{"name":"(anonymous_4)","decl":{"start":{"line":63,"column":4},"end":{"line":63,"column":12}},"loc":{"start":{"line":63,"column":37},"end":{"line":63,"column":50}},"line":63},"5":{"name":"formatPatientData","decl":{"start":{"line":66,"column":9},"end":{"line":66,"column":27}},"loc":{"start":{"line":66,"column":71},"end":{"line":68,"column":null}},"line":66},"6":{"name":"formatSelectedSymptoms","decl":{"start":{"line":70,"column":9},"end":{"line":70,"column":32}},"loc":{"start":{"line":70,"column":81},"end":{"line":81,"column":null}},"line":70},"7":{"name":"(anonymous_7)","decl":{"start":{"line":76,"column":5},"end":{"line":76,"column":null}},"loc":{"start":{"line":78,"column":8},"end":{"line":78,"column":null}},"line":78},"8":{"name":"formatSymptomDetails","decl":{"start":{"line":89,"column":9},"end":{"line":89,"column":30}},"loc":{"start":{"line":89,"column":77},"end":{"line":104,"column":null}},"line":89},"9":{"name":"(anonymous_9)","decl":{"start":{"line":91,"column":5},"end":{"line":91,"column":10}},"loc":{"start":{"line":91,"column":46},"end":{"line":102,"column":5}},"line":91},"10":{"name":"(anonymous_10)","decl":{"start":{"line":101,"column":8},"end":{"line":101,"column":16}},"loc":{"start":{"line":101,"column":41},"end":{"line":101,"column":54}},"line":101},"11":{"name":"toTriageSymptoms","decl":{"start":{"line":112,"column":9},"end":{"line":112,"column":26}},"loc":{"start":{"line":112,"column":64},"end":{"line":121,"column":null}},"line":112},"12":{"name":"(anonymous_12)","decl":{"start":{"line":113,"column":18},"end":{"line":113,"column":23}},"loc":{"start":{"line":113,"column":36},"end":{"line":120,"column":4}},"line":113},"13":{"name":"buildFallbackReviewSummary","decl":{"start":{"line":129,"column":9},"end":{"line":129,"column":36}},"loc":{"start":{"line":129,"column":79},"end":{"line":144,"column":null}},"line":129},"14":{"name":"fallbackSpecialtyForCareLevel","decl":{"start":{"line":152,"column":9},"end":{"line":152,"column":null}},"loc":{"start":{"line":154,"column":44},"end":{"line":166,"column":null}},"line":154},"15":{"name":"sanitizeProfessionalSummary","decl":{"start":{"line":174,"column":9},"end":{"line":174,"column":37}},"loc":{"start":{"line":174,"column":62},"end":{"line":189,"column":null}},"line":174},"16":{"name":"(anonymous_16)","decl":{"start":{"line":177,"column":5},"end":{"line":177,"column":13}},"loc":{"start":{"line":177,"column":22},"end":{"line":177,"column":52}},"line":177},"17":{"name":"(anonymous_17)","decl":{"start":{"line":178,"column":5},"end":{"line":178,"column":10}},"loc":{"start":{"line":178,"column":19},"end":{"line":178,"column":30}},"line":178},"18":{"name":"(anonymous_18)","decl":{"start":{"line":179,"column":5},"end":{"line":179,"column":13}},"loc":{"start":{"line":179,"column":22},"end":{"line":179,"column":37}},"line":179},"19":{"name":"(anonymous_19)","decl":{"start":{"line":181,"column":30},"end":{"line":181,"column":38}},"loc":{"start":{"line":181,"column":47},"end":{"line":183,"column":3}},"line":181},"20":{"name":"evaluateAssessmentWithAi","decl":{"start":{"line":197,"column":22},"end":{"line":197,"column":null}},"loc":{"start":{"line":199,"column":29},"end":{"line":230,"column":null}},"line":199}},"branchMap":{"0":{"loc":{"start":{"line":20,"column":17},"end":{"line":20,"column":49}},"type":"binary-expr","locations":[{"start":{"line":20,"column":17},"end":{"line":20,"column":26}},{"start":{"line":20,"column":26},"end":{"line":20,"column":49}}],"line":20},"1":{"loc":{"start":{"line":40,"column":4},"end":{"line":40,"column":null}},"type":"cond-expr","locations":[{"start":{"line":40,"column":29},"end":{"line":40,"column":47}},{"start":{"line":40,"column":47},"end":{"line":40,"column":null}}],"line":40},"2":{"loc":{"start":{"line":41,"column":4},"end":{"line":41,"column":null}},"type":"cond-expr","locations":[{"start":{"line":41,"column":34},"end":{"line":41,"column":51}},{"start":{"line":41,"column":51},"end":{"line":41,"column":null}}],"line":41},"3":{"loc":{"start":{"line":42,"column":4},"end":{"line":42,"column":null}},"type":"cond-expr","locations":[{"start":{"line":42,"column":37},"end":{"line":42,"column":84}},{"start":{"line":42,"column":84},"end":{"line":42,"column":null}}],"line":42},"4":{"loc":{"start":{"line":43,"column":4},"end":{"line":43,"column":null}},"type":"cond-expr","locations":[{"start":{"line":43,"column":39},"end":{"line":43,"column":90}},{"start":{"line":43,"column":90},"end":{"line":43,"column":null}}],"line":43},"5":{"loc":{"start":{"line":44,"column":4},"end":{"line":46,"column":null}},"type":"cond-expr","locations":[{"start":{"line":45,"column":8},"end":{"line":45,"column":null}},{"start":{"line":46,"column":8},"end":{"line":46,"column":null}}],"line":44},"6":{"loc":{"start":{"line":44,"column":4},"end":{"line":44,"column":null}},"type":"binary-expr","locations":[{"start":{"line":44,"column":4},"end":{"line":44,"column":47}},{"start":{"line":44,"column":47},"end":{"line":44,"column":null}}],"line":44},"7":{"loc":{"start":{"line":47,"column":4},"end":{"line":49,"column":null}},"type":"cond-expr","locations":[{"start":{"line":48,"column":8},"end":{"line":48,"column":null}},{"start":{"line":49,"column":8},"end":{"line":49,"column":null}}],"line":47},"8":{"loc":{"start":{"line":48,"column":47},"end":{"line":48,"column":null}},"type":"cond-expr","locations":[{"start":{"line":48,"column":90},"end":{"line":48,"column":131}},{"start":{"line":48,"column":131},"end":{"line":48,"column":null}}],"line":48},"9":{"loc":{"start":{"line":50,"column":4},"end":{"line":52,"column":null}},"type":"cond-expr","locations":[{"start":{"line":51,"column":8},"end":{"line":51,"column":null}},{"start":{"line":52,"column":8},"end":{"line":52,"column":null}}],"line":50},"10":{"loc":{"start":{"line":53,"column":4},"end":{"line":53,"column":null}},"type":"cond-expr","locations":[{"start":{"line":53,"column":27},"end":{"line":53,"column":43}},{"start":{"line":53,"column":43},"end":{"line":53,"column":null}}],"line":53},"11":{"loc":{"start":{"line":54,"column":4},"end":{"line":56,"column":null}},"type":"cond-expr","locations":[{"start":{"line":55,"column":8},"end":{"line":55,"column":null}},{"start":{"line":56,"column":8},"end":{"line":56,"column":null}}],"line":54},"12":{"loc":{"start":{"line":54,"column":4},"end":{"line":54,"column":null}},"type":"binary-expr","locations":[{"start":{"line":54,"column":4},"end":{"line":54,"column":28}},{"start":{"line":54,"column":28},"end":{"line":54,"column":null}}],"line":54},"13":{"loc":{"start":{"line":57,"column":4},"end":{"line":59,"column":null}},"type":"cond-expr","locations":[{"start":{"line":58,"column":8},"end":{"line":58,"column":null}},{"start":{"line":59,"column":8},"end":{"line":59,"column":null}}],"line":57},"14":{"loc":{"start":{"line":57,"column":4},"end":{"line":57,"column":null}},"type":"binary-expr","locations":[{"start":{"line":57,"column":4},"end":{"line":57,"column":28}},{"start":{"line":57,"column":28},"end":{"line":57,"column":null}}],"line":57},"15":{"loc":{"start":{"line":60,"column":4},"end":{"line":62,"column":null}},"type":"cond-expr","locations":[{"start":{"line":61,"column":8},"end":{"line":61,"column":null}},{"start":{"line":62,"column":8},"end":{"line":62,"column":null}}],"line":60},"16":{"loc":{"start":{"line":71,"column":2},"end":{"line":73,"column":null}},"type":"if","locations":[{"start":{"line":71,"column":2},"end":{"line":73,"column":null}},{"start":{},"end":{}}],"line":71},"17":{"loc":{"start":{"line":78,"column":25},"end":{"line":78,"column":null}},"type":"cond-expr","locations":[{"start":{"line":78,"column":40},"end":{"line":78,"column":80}},{"start":{"line":78,"column":80},"end":{"line":78,"column":null}}],"line":78},"18":{"loc":{"start":{"line":93,"column":19},"end":{"line":93,"column":null}},"type":"cond-expr","locations":[{"start":{"line":93,"column":63},"end":{"line":93,"column":70}},{"start":{"line":93,"column":70},"end":{"line":93,"column":null}}],"line":93},"19":{"loc":{"start":{"line":94,"column":23},"end":{"line":94,"column":null}},"type":"binary-expr","locations":[{"start":{"line":94,"column":23},"end":{"line":94,"column":60}},{"start":{"line":94,"column":60},"end":{"line":94,"column":null}}],"line":94},"20":{"loc":{"start":{"line":97,"column":25},"end":{"line":97,"column":null}},"type":"cond-expr","locations":[{"start":{"line":97,"column":40},"end":{"line":97,"column":80}},{"start":{"line":97,"column":80},"end":{"line":97,"column":null}}],"line":97},"21":{"loc":{"start":{"line":98,"column":8},"end":{"line":98,"column":null}},"type":"cond-expr","locations":[{"start":{"line":98,"column":35},"end":{"line":98,"column":74}},{"start":{"line":98,"column":74},"end":{"line":98,"column":null}}],"line":98},"22":{"loc":{"start":{"line":115,"column":8},"end":{"line":115,"column":null}},"type":"cond-expr","locations":[{"start":{"line":115,"column":23},"end":{"line":115,"column":48}},{"start":{"line":115,"column":48},"end":{"line":115,"column":null}}],"line":115},"23":{"loc":{"start":{"line":116,"column":8},"end":{"line":116,"column":null}},"type":"cond-expr","locations":[{"start":{"line":116,"column":35},"end":{"line":116,"column":73}},{"start":{"line":116,"column":73},"end":{"line":116,"column":null}}],"line":116},"24":{"loc":{"start":{"line":155,"column":2},"end":{"line":165,"column":null}},"type":"switch","locations":[{"start":{"line":156,"column":4},"end":{"line":157,"column":null}},{"start":{"line":158,"column":4},"end":{"line":159,"column":null}},{"start":{"line":160,"column":4},"end":{"line":161,"column":null}},{"start":{"line":162,"column":4},"end":{"line":162,"column":null}},{"start":{"line":163,"column":4},"end":{"line":164,"column":null}}],"line":155},"25":{"loc":{"start":{"line":206,"column":27},"end":{"line":206,"column":null}},"type":"binary-expr","locations":[{"start":{"line":206,"column":27},"end":{"line":206,"column":57}},{"start":{"line":206,"column":57},"end":{"line":206,"column":null}}],"line":206},"26":{"loc":{"start":{"line":212,"column":4},"end":{"line":212,"column":null}},"type":"binary-expr","locations":[{"start":{"line":212,"column":4},"end":{"line":212,"column":41}},{"start":{"line":212,"column":41},"end":{"line":212,"column":null}}],"line":212},"27":{"loc":{"start":{"line":218,"column":6},"end":{"line":220,"column":null}},"type":"cond-expr","locations":[{"start":{"line":219,"column":10},"end":{"line":219,"column":null}},{"start":{"line":220,"column":10},"end":{"line":220,"column":null}}],"line":218},"28":{"loc":{"start":{"line":222,"column":8},"end":{"line":224,"column":null}},"type":"cond-expr","locations":[{"start":{"line":223,"column":8},"end":{"line":223,"column":null}},{"start":{"line":224,"column":8},"end":{"line":224,"column":null}}],"line":222},"29":{"loc":{"start":{"line":226,"column":8},"end":{"line":226,"column":null}},"type":"cond-expr","locations":[{"start":{"line":226,"column":37},"end":{"line":226,"column":63}},{"start":{"line":226,"column":63},"end":{"line":226,"column":null}}],"line":226},"30":{"loc":{"start":{"line":227,"column":8},"end":{"line":227,"column":null}},"type":"cond-expr","locations":[{"start":{"line":227,"column":31},"end":{"line":227,"column":67}},{"start":{"line":227,"column":67},"end":{"line":227,"column":null}}],"line":227}},"s":{"0":5,"1":5,"2":18,"3":3,"4":0,"5":0,"6":3,"7":48,"8":3,"9":3,"10":0,"11":3,"12":3,"13":3,"14":3,"15":3,"16":3,"17":3,"18":12,"19":6,"20":6,"21":3,"22":4,"23":0,"24":0,"25":0,"26":4,"27":5,"28":44,"29":44,"30":44,"31":5,"32":38,"33":5,"34":6,"35":5,"36":6,"37":6,"38":6},"f":{"0":18,"1":3,"2":0,"3":0,"4":48,"5":3,"6":3,"7":3,"8":3,"9":3,"10":12,"11":6,"12":6,"13":3,"14":4,"15":5,"16":44,"17":44,"18":44,"19":38,"20":6},"b":{"0":[18,6],"1":[0,3],"2":[0,3],"3":[0,3],"4":[0,3],"5":[0,3],"6":[3,0],"7":[0,3],"8":[0,0],"9":[3,0],"10":[0,3],"11":[0,3],"12":[3,0],"13":[0,3],"14":[3,0],"15":[0,3],"16":[0,3],"17":[3,0],"18":[0,3],"19":[3,0],"20":[3,0],"21":[2,1],"22":[6,0],"23":[4,2],"24":[0,0,0,4,4],"25":[5,3],"26":[6,4],"27":[5,0],"28":[0,5],"29":[2,3],"30":[1,4]},"meta":{"lastBranch":31,"lastFunction":21,"lastStatement":39,"seen":{"s:5:48:10:Infinity":0,"s:12:71:17:Infinity":1,"f:19:9:19:17":0,"s:20:2:20:Infinity":2,"b:20:17:20:26:20:26:20:49":0,"f:29:9:29:31":1,"s:30:27:32:Infinity":3,"f:31:5:31:13":2,"s:31:28:31:43":4,"f:32:5:32:10":3,"s:32:34:32:66":5,"s:34:2:63:Infinity":6,"b:40:29:40:47:40:47:40:Infinity":1,"b:41:34:41:51:41:51:41:Infinity":2,"b:42:37:42:84:42:84:42:Infinity":3,"b:43:39:43:90:43:90:43:Infinity":4,"b:45:8:45:Infinity:46:8:46:Infinity":5,"b:44:4:44:47:44:47:44:Infinity":6,"b:48:8:48:Infinity:49:8:49:Infinity":7,"b:48:90:48:131:48:131:48:Infinity":8,"b:51:8:51:Infinity:52:8:52:Infinity":9,"b:53:27:53:43:53:43:53:Infinity":10,"b:55:8:55:Infinity:56:8:56:Infinity":11,"b:54:4:54:28:54:28:54:Infinity":12,"b:58:8:58:Infinity:59:8:59:Infinity":13,"b:57:4:57:28:57:28:57:Infinity":14,"b:61:8:61:Infinity:62:8:62:Infinity":15,"f:63:4:63:12":4,"s:63:37:63:50":7,"f:66:9:66:27":5,"s:67:2:67:Infinity":8,"f:70:9:70:32":6,"b:71:2:73:Infinity:undefined:undefined:undefined:undefined":16,"s:71:2:73:Infinity":9,"s:72:4:72:Infinity":10,"s:75:2:80:Infinity":11,"f:76:5:76:Infinity":7,"s:78:8:78:Infinity":12,"b:78:40:78:80:78:80:78:Infinity":17,"f:89:9:89:30":8,"s:90:2:103:Infinity":13,"f:91:5:91:10":9,"s:92:31:92:Infinity":14,"s:93:19:93:Infinity":15,"b:93:63:93:70:93:70:93:Infinity":18,"s:94:23:94:Infinity":16,"b:94:23:94:60:94:60:94:Infinity":19,"s:96:6:101:Infinity":17,"b:97:40:97:80:97:80:97:Infinity":20,"b:98:35:98:74:98:74:98:Infinity":21,"f:101:8:101:16":10,"s:101:41:101:54":18,"f:112:9:112:26":11,"s:113:2:120:Infinity":19,"f:113:18:113:23":12,"s:113:36:120:4":20,"b:115:23:115:48:115:48:115:Infinity":22,"b:116:35:116:73:116:73:116:Infinity":23,"f:129:9:129:36":13,"s:130:2:143:Infinity":21,"f:152:9:152:Infinity":14,"b:156:4:157:Infinity:158:4:159:Infinity:160:4:161:Infinity:162:4:162:Infinity:163:4:164:Infinity":24,"s:155:2:165:Infinity":22,"s:157:6:157:Infinity":23,"s:159:6:159:Infinity":24,"s:161:6:161:Infinity":25,"s:164:6:164:Infinity":26,"f:174:9:174:37":15,"s:175:16:179:Infinity":27,"f:177:5:177:13":16,"s:177:22:177:52":28,"f:178:5:178:10":17,"s:178:19:178:30":29,"f:179:5:179:13":18,"s:179:22:179:37":30,"s:181:24:183:Infinity":31,"f:181:30:181:38":19,"s:182:4:182:Infinity":32,"s:185:2:188:Infinity":33,"f:197:22:197:Infinity":20,"s:200:23:203:Infinity":34,"s:206:27:206:Infinity":35,"b:206:27:206:57:206:57:206:Infinity":25,"s:207:24:210:Infinity":36,"s:212:4:212:Infinity":37,"b:212:4:212:41:212:41:212:Infinity":26,"s:214:2:229:Infinity":38,"b:219:10:219:Infinity:220:10:220:Infinity":27,"b:223:8:223:Infinity:224:8:224:Infinity":28,"b:226:37:226:63:226:63:226:Infinity":29,"b:227:31:227:67:227:67:227:Infinity":30}}}
,"/Users/christianscheider/Dev/Heptacode/backend/src/modules/assessment/assessment.types.ts": {"path":"/Users/christianscheider/Dev/Heptacode/backend/src/modules/assessment/assessment.types.ts","statementMap":{"0":{"start":{"line":10,"column":37},"end":{"line":13,"column":null}},"1":{"start":{"line":15,"column":29},"end":{"line":24,"column":null}},"2":{"start":{"line":26,"column":39},"end":{"line":30,"column":null}},"3":{"start":{"line":32,"column":38},"end":{"line":42,"column":null}}},"fnMap":{},"branchMap":{},"s":{"0":5,"1":5,"2":5,"3":5},"f":{},"b":{},"meta":{"lastBranch":0,"lastFunction":0,"lastStatement":4,"seen":{"s:10:37:13:Infinity":0,"s:15:29:24:Infinity":1,"s:26:39:30:Infinity":2,"s:32:38:42:Infinity":3}}}
,"/Users/christianscheider/Dev/Heptacode/backend/src/modules/pdf/pdf.types.ts": {"path":"/Users/christianscheider/Dev/Heptacode/backend/src/modules/pdf/pdf.types.ts","statementMap":{"0":{"start":{"line":37,"column":37},"end":{"line":41,"column":null}},"1":{"start":{"line":43,"column":38},"end":{"line":48,"column":null}}},"fnMap":{},"branchMap":{},"s":{"0":5,"1":5},"f":{},"b":{},"meta":{"lastBranch":0,"lastFunction":0,"lastStatement":2,"seen":{"s:37:37:41:Infinity":0,"s:43:38:48:Infinity":1}}}
,"/Users/christianscheider/Dev/Heptacode/backend/src/modules/pdf/pdfExport.service.ts": {"path":"/Users/christianscheider/Dev/Heptacode/backend/src/modules/pdf/pdfExport.service.ts","statementMap":{"0":{"start":{"line":17,"column":6},"end":{"line":24,"column":null}},"1":{"start":{"line":26,"column":18},"end":{"line":26,"column":null}},"2":{"start":{"line":29,"column":2},"end":{"line":29,"column":null}},"3":{"start":{"line":31,"column":14},"end":{"line":53,"column":null}},"4":{"start":{"line":55,"column":13},"end":{"line":59,"column":null}},"5":{"start":{"line":68,"column":2},"end":{"line":79,"column":null}},"6":{"start":{"line":70,"column":6},"end":{"line":70,"column":null}},"7":{"start":{"line":72,"column":6},"end":{"line":72,"column":null}},"8":{"start":{"line":74,"column":6},"end":{"line":74,"column":null}},"9":{"start":{"line":76,"column":6},"end":{"line":76,"column":null}},"10":{"start":{"line":78,"column":6},"end":{"line":78,"column":null}},"11":{"start":{"line":83,"column":2},"end":{"line":83,"column":null}},"12":{"start":{"line":87,"column":2},"end":{"line":100,"column":null}},"13":{"start":{"line":90,"column":6},"end":{"line":90,"column":null}},"14":{"start":{"line":94,"column":6},"end":{"line":94,"column":null}},"15":{"start":{"line":97,"column":6},"end":{"line":97,"column":null}},"16":{"start":{"line":99,"column":6},"end":{"line":99,"column":null}},"17":{"start":{"line":110,"column":2},"end":{"line":130,"column":null}},"18":{"start":{"line":140,"column":24},"end":{"line":143,"column":null}},"19":{"start":{"line":145,"column":2},"end":{"line":145,"column":null}},"20":{"start":{"line":149,"column":25},"end":{"line":151,"column":null}},"21":{"start":{"line":151,"column":24},"end":{"line":151,"column":41}},"22":{"start":{"line":153,"column":2},"end":{"line":155,"column":null}},"23":{"start":{"line":154,"column":4},"end":{"line":154,"column":null}},"24":{"start":{"line":157,"column":2},"end":{"line":157,"column":null}},"25":{"start":{"line":161,"column":2},"end":{"line":163,"column":null}},"26":{"start":{"line":162,"column":4},"end":{"line":162,"column":null}},"27":{"start":{"line":165,"column":2},"end":{"line":165,"column":null}},"28":{"start":{"line":175,"column":25},"end":{"line":175,"column":null}},"29":{"start":{"line":176,"column":22},"end":{"line":176,"column":null}},"30":{"start":{"line":178,"column":2},"end":{"line":180,"column":null}},"31":{"start":{"line":179,"column":4},"end":{"line":179,"column":null}},"32":{"start":{"line":182,"column":2},"end":{"line":184,"column":null}},"33":{"start":{"line":183,"column":4},"end":{"line":183,"column":null}},"34":{"start":{"line":186,"column":2},"end":{"line":188,"column":null}},"35":{"start":{"line":198,"column":2},"end":{"line":200,"column":null}},"36":{"start":{"line":199,"column":4},"end":{"line":199,"column":null}},"37":{"start":{"line":202,"column":27},"end":{"line":205,"column":null}},"38":{"start":{"line":203,"column":28},"end":{"line":203,"column":53}},"39":{"start":{"line":204,"column":34},"end":{"line":204,"column":74}},"40":{"start":{"line":205,"column":24},"end":{"line":205,"column":41}},"41":{"start":{"line":207,"column":2},"end":{"line":226,"column":null}},"42":{"start":{"line":226,"column":37},"end":{"line":226,"column":50}},"43":{"start":{"line":230,"column":2},"end":{"line":241,"column":null}},"44":{"start":{"line":232,"column":6},"end":{"line":232,"column":null}},"45":{"start":{"line":234,"column":6},"end":{"line":234,"column":null}},"46":{"start":{"line":236,"column":6},"end":{"line":236,"column":null}},"47":{"start":{"line":238,"column":6},"end":{"line":238,"column":null}},"48":{"start":{"line":240,"column":6},"end":{"line":240,"column":null}},"49":{"start":{"line":245,"column":2},"end":{"line":247,"column":null}},"50":{"start":{"line":246,"column":4},"end":{"line":246,"column":null}},"51":{"start":{"line":249,"column":2},"end":{"line":251,"column":null}},"52":{"start":{"line":250,"column":4},"end":{"line":250,"column":null}},"53":{"start":{"line":253,"column":2},"end":{"line":255,"column":null}},"54":{"start":{"line":254,"column":4},"end":{"line":254,"column":null}},"55":{"start":{"line":257,"column":2},"end":{"line":257,"column":null}},"56":{"start":{"line":267,"column":2},"end":{"line":269,"column":null}},"57":{"start":{"line":268,"column":4},"end":{"line":268,"column":null}},"58":{"start":{"line":271,"column":2},"end":{"line":282,"column":null}},"59":{"start":{"line":273,"column":26},"end":{"line":278,"column":null}},"60":{"start":{"line":278,"column":41},"end":{"line":278,"column":54}},"61":{"start":{"line":280,"column":6},"end":{"line":280,"column":null}},"62":{"start":{"line":292,"column":33},"end":{"line":292,"column":null}},"63":{"start":{"line":293,"column":29},"end":{"line":293,"column":null}},"64":{"start":{"line":295,"column":2},"end":{"line":313,"column":null}},"65":{"start":{"line":296,"column":27},"end":{"line":296,"column":null}},"66":{"start":{"line":298,"column":4},"end":{"line":301,"column":null}},"67":{"start":{"line":299,"column":6},"end":{"line":299,"column":null}},"68":{"start":{"line":300,"column":6},"end":{"line":300,"column":null}},"69":{"start":{"line":303,"column":4},"end":{"line":306,"column":null}},"70":{"start":{"line":304,"column":6},"end":{"line":304,"column":null}},"71":{"start":{"line":305,"column":6},"end":{"line":305,"column":null}},"72":{"start":{"line":308,"column":4},"end":{"line":310,"column":null}},"73":{"start":{"line":309,"column":6},"end":{"line":309,"column":null}},"74":{"start":{"line":312,"column":4},"end":{"line":312,"column":null}},"75":{"start":{"line":315,"column":2},"end":{"line":315,"column":null}},"76":{"start":{"line":325,"column":36},"end":{"line":325,"column":null}},"77":{"start":{"line":326,"column":34},"end":{"line":326,"column":null}},"78":{"start":{"line":327,"column":33},"end":{"line":327,"column":null}},"79":{"start":{"line":329,"column":2},"end":{"line":357,"column":null}},"80":{"start":{"line":330,"column":24},"end":{"line":330,"column":null}},"81":{"start":{"line":331,"column":28},"end":{"line":331,"column":null}},"82":{"start":{"line":332,"column":27},"end":{"line":332,"column":null}},"83":{"start":{"line":334,"column":4},"end":{"line":336,"column":null}},"84":{"start":{"line":335,"column":6},"end":{"line":335,"column":null}},"85":{"start":{"line":338,"column":4},"end":{"line":340,"column":null}},"86":{"start":{"line":339,"column":6},"end":{"line":339,"column":null}},"87":{"start":{"line":342,"column":4},"end":{"line":345,"column":null}},"88":{"start":{"line":343,"column":6},"end":{"line":343,"column":null}},"89":{"start":{"line":344,"column":6},"end":{"line":344,"column":null}},"90":{"start":{"line":347,"column":4},"end":{"line":350,"column":null}},"91":{"start":{"line":348,"column":6},"end":{"line":348,"column":null}},"92":{"start":{"line":349,"column":6},"end":{"line":349,"column":null}},"93":{"start":{"line":352,"column":4},"end":{"line":356,"column":null}},"94":{"start":{"line":359,"column":2},"end":{"line":361,"column":null}},"95":{"start":{"line":360,"column":4},"end":{"line":360,"column":null}},"96":{"start":{"line":363,"column":2},"end":{"line":363,"column":null}},"97":{"start":{"line":373,"column":2},"end":{"line":390,"column":null}},"98":{"start":{"line":374,"column":19},"end":{"line":374,"column":51}},"99":{"start":{"line":375,"column":22},"end":{"line":375,"column":37}},"100":{"start":{"line":377,"column":26},"end":{"line":377,"column":null}},"101":{"start":{"line":379,"column":6},"end":{"line":381,"column":null}},"102":{"start":{"line":380,"column":8},"end":{"line":380,"column":null}},"103":{"start":{"line":383,"column":6},"end":{"line":389,"column":null}},"104":{"start":{"line":387,"column":25},"end":{"line":387,"column":36}},"105":{"start":{"line":388,"column":28},"end":{"line":388,"column":43}},"106":{"start":{"line":400,"column":2},"end":{"line":400,"column":null}},"107":{"start":{"line":410,"column":33},"end":{"line":410,"column":null}},"108":{"start":{"line":411,"column":35},"end":{"line":411,"column":null}},"109":{"start":{"line":412,"column":59},"end":{"line":412,"column":null}},"110":{"start":{"line":413,"column":29},"end":{"line":413,"column":null}},"111":{"start":{"line":416,"column":2},"end":{"line":455,"column":null}},"112":{"start":{"line":419,"column":29},"end":{"line":419,"column":null}},"113":{"start":{"line":421,"column":6},"end":{"line":424,"column":null}},"114":{"start":{"line":422,"column":8},"end":{"line":422,"column":null}},"115":{"start":{"line":423,"column":8},"end":{"line":423,"column":null}},"116":{"start":{"line":426,"column":6},"end":{"line":429,"column":null}},"117":{"start":{"line":427,"column":8},"end":{"line":427,"column":null}},"118":{"start":{"line":428,"column":8},"end":{"line":428,"column":null}},"119":{"start":{"line":431,"column":6},"end":{"line":435,"column":null}},"120":{"start":{"line":432,"column":8},"end":{"line":432,"column":null}},"121":{"start":{"line":433,"column":8},"end":{"line":433,"column":null}},"122":{"start":{"line":434,"column":8},"end":{"line":434,"column":null}},"123":{"start":{"line":437,"column":6},"end":{"line":441,"column":null}},"124":{"start":{"line":438,"column":8},"end":{"line":438,"column":null}},"125":{"start":{"line":439,"column":8},"end":{"line":439,"column":null}},"126":{"start":{"line":440,"column":8},"end":{"line":440,"column":null}},"127":{"start":{"line":443,"column":6},"end":{"line":446,"column":null}},"128":{"start":{"line":444,"column":8},"end":{"line":444,"column":null}},"129":{"start":{"line":445,"column":8},"end":{"line":445,"column":null}},"130":{"start":{"line":448,"column":6},"end":{"line":454,"column":null}},"131":{"start":{"line":449,"column":8},"end":{"line":451,"column":null}},"132":{"start":{"line":450,"column":10},"end":{"line":450,"column":null}},"133":{"start":{"line":453,"column":8},"end":{"line":453,"column":null}},"134":{"start":{"line":457,"column":33},"end":{"line":457,"column":null}},"135":{"start":{"line":458,"column":35},"end":{"line":458,"column":null}},"136":{"start":{"line":460,"column":2},"end":{"line":466,"column":null}},"137":{"start":{"line":476,"column":2},"end":{"line":478,"column":null}},"138":{"start":{"line":477,"column":4},"end":{"line":477,"column":null}},"139":{"start":{"line":480,"column":2},"end":{"line":495,"column":null}},"140":{"start":{"line":482,"column":6},"end":{"line":482,"column":null}},"141":{"start":{"line":485,"column":6},"end":{"line":485,"column":null}},"142":{"start":{"line":488,"column":6},"end":{"line":488,"column":null}},"143":{"start":{"line":491,"column":6},"end":{"line":491,"column":null}},"144":{"start":{"line":494,"column":6},"end":{"line":494,"column":null}},"145":{"start":{"line":505,"column":33},"end":{"line":507,"column":null}},"146":{"start":{"line":510,"column":2},"end":{"line":516,"column":null}},"147":{"start":{"line":511,"column":4},"end":{"line":515,"column":null}},"148":{"start":{"line":518,"column":2},"end":{"line":526,"column":null}},"149":{"start":{"line":536,"column":2},"end":{"line":546,"column":null}},"150":{"start":{"line":550,"column":2},"end":{"line":553,"column":null}},"151":{"start":{"line":563,"column":2},"end":{"line":575,"column":null}},"152":{"start":{"line":564,"column":29},"end":{"line":564,"column":null}},"153":{"start":{"line":566,"column":4},"end":{"line":568,"column":null}},"154":{"start":{"line":567,"column":6},"end":{"line":567,"column":null}},"155":{"start":{"line":570,"column":4},"end":{"line":572,"column":null}},"156":{"start":{"line":571,"column":6},"end":{"line":571,"column":null}},"157":{"start":{"line":574,"column":4},"end":{"line":574,"column":null}},"158":{"start":{"line":579,"column":2},"end":{"line":579,"column":null}},"159":{"start":{"line":593,"column":20},"end":{"line":593,"column":null}},"160":{"start":{"line":594,"column":23},"end":{"line":594,"column":null}},"161":{"start":{"line":596,"column":2},"end":{"line":596,"column":null}},"162":{"start":{"line":598,"column":2},"end":{"line":603,"column":null}},"163":{"start":{"line":605,"column":2},"end":{"line":611,"column":null}},"164":{"start":{"line":613,"column":2},"end":{"line":617,"column":null}},"165":{"start":{"line":619,"column":2},"end":{"line":631,"column":null}},"166":{"start":{"line":620,"column":4},"end":{"line":624,"column":null}},"167":{"start":{"line":626,"column":4},"end":{"line":630,"column":null}},"168":{"start":{"line":633,"column":2},"end":{"line":643,"column":null}},"169":{"start":{"line":634,"column":4},"end":{"line":642,"column":null}},"170":{"start":{"line":635,"column":6},"end":{"line":639,"column":null}},"171":{"start":{"line":653,"column":18},"end":{"line":653,"column":null}},"172":{"start":{"line":654,"column":23},"end":{"line":654,"column":null}},"173":{"start":{"line":656,"column":2},"end":{"line":661,"column":null}},"174":{"start":{"line":663,"column":2},"end":{"line":670,"column":null}},"175":{"start":{"line":672,"column":2},"end":{"line":679,"column":null}},"176":{"start":{"line":689,"column":15},"end":{"line":689,"column":null}},"177":{"start":{"line":691,"column":2},"end":{"line":695,"column":null}},"178":{"start":{"line":692,"column":4},"end":{"line":692,"column":null}},"179":{"start":{"line":693,"column":4},"end":{"line":693,"column":null}},"180":{"start":{"line":694,"column":4},"end":{"line":694,"column":null}},"181":{"start":{"line":699,"column":12},"end":{"line":699,"column":null}},"182":{"start":{"line":700,"column":16},"end":{"line":700,"column":null}},"183":{"start":{"line":701,"column":12},"end":{"line":701,"column":null}},"184":{"start":{"line":702,"column":20},"end":{"line":702,"column":null}},"185":{"start":{"line":704,"column":2},"end":{"line":704,"column":null}},"186":{"start":{"line":706,"column":2},"end":{"line":710,"column":null}},"187":{"start":{"line":712,"column":2},"end":{"line":724,"column":null}},"188":{"start":{"line":726,"column":2},"end":{"line":726,"column":null}},"189":{"start":{"line":736,"column":2},"end":{"line":736,"column":null}},"190":{"start":{"line":753,"column":4},"end":{"line":753,"column":null}},"191":{"start":{"line":757,"column":7},"end":{"line":757,"column":null}},"192":{"start":{"line":759,"column":18},"end":{"line":759,"column":null}},"193":{"start":{"line":763,"column":2},"end":{"line":778,"column":null}},"194":{"start":{"line":764,"column":21},"end":{"line":764,"column":null}},"195":{"start":{"line":765,"column":20},"end":{"line":765,"column":null}},"196":{"start":{"line":766,"column":23},"end":{"line":766,"column":null}},"197":{"start":{"line":768,"column":4},"end":{"line":770,"column":null}},"198":{"start":{"line":769,"column":6},"end":{"line":769,"column":null}},"199":{"start":{"line":772,"column":4},"end":{"line":775,"column":null}},"200":{"start":{"line":777,"column":4},"end":{"line":777,"column":null}},"201":{"start":{"line":780,"column":24},"end":{"line":780,"column":null}},"202":{"start":{"line":782,"column":2},"end":{"line":784,"column":null}},"203":{"start":{"line":783,"column":4},"end":{"line":783,"column":null}},"204":{"start":{"line":786,"column":2},"end":{"line":796,"column":null}},"205":{"start":{"line":787,"column":4},"end":{"line":794,"column":null}},"206":{"start":{"line":795,"column":4},"end":{"line":795,"column":null}},"207":{"start":{"line":798,"column":2},"end":{"line":860,"column":null}},"208":{"start":{"line":799,"column":20},"end":{"line":799,"column":null}},"209":{"start":{"line":800,"column":19},"end":{"line":800,"column":null}},"210":{"start":{"line":802,"column":37},"end":{"line":802,"column":null}},"211":{"start":{"line":803,"column":22},"end":{"line":803,"column":null}},"212":{"start":{"line":804,"column":22},"end":{"line":804,"column":null}},"213":{"start":{"line":805,"column":26},"end":{"line":810,"column":null}},"214":{"start":{"line":812,"column":4},"end":{"line":859,"column":null}},"215":{"start":{"line":813,"column":31},"end":{"line":813,"column":null}},"216":{"start":{"line":815,"column":6},"end":{"line":838,"column":null}},"217":{"start":{"line":816,"column":8},"end":{"line":835,"column":null}},"218":{"start":{"line":837,"column":8},"end":{"line":837,"column":null}},"219":{"start":{"line":840,"column":6},"end":{"line":849,"column":null}},"220":{"start":{"line":851,"column":6},"end":{"line":858,"column":null}},"221":{"start":{"line":862,"column":2},"end":{"line":862,"column":null}},"222":{"start":{"line":880,"column":12},"end":{"line":880,"column":null}},"223":{"start":{"line":881,"column":16},"end":{"line":881,"column":null}},"224":{"start":{"line":882,"column":18},"end":{"line":882,"column":null}},"225":{"start":{"line":883,"column":22},"end":{"line":883,"column":null}},"226":{"start":{"line":884,"column":23},"end":{"line":884,"column":null}},"227":{"start":{"line":886,"column":25},"end":{"line":886,"column":null}},"228":{"start":{"line":888,"column":2},"end":{"line":888,"column":null}},"229":{"start":{"line":890,"column":24},"end":{"line":893,"column":null}},"230":{"start":{"line":895,"column":21},"end":{"line":895,"column":null}},"231":{"start":{"line":897,"column":2},"end":{"line":897,"column":null}},"232":{"start":{"line":899,"column":12},"end":{"line":899,"column":null}},"233":{"start":{"line":900,"column":26},"end":{"line":900,"column":null}},"234":{"start":{"line":901,"column":22},"end":{"line":901,"column":null}},"235":{"start":{"line":902,"column":21},"end":{"line":902,"column":null}},"236":{"start":{"line":904,"column":2},"end":{"line":904,"column":null}},"237":{"start":{"line":906,"column":2},"end":{"line":910,"column":null}},"238":{"start":{"line":912,"column":2},"end":{"line":918,"column":null}},"239":{"start":{"line":920,"column":2},"end":{"line":920,"column":null}},"240":{"start":{"line":922,"column":19},"end":{"line":922,"column":null}},"241":{"start":{"line":923,"column":19},"end":{"line":923,"column":null}},"242":{"start":{"line":925,"column":2},"end":{"line":925,"column":null}},"243":{"start":{"line":927,"column":2},"end":{"line":960,"column":null}},"244":{"start":{"line":928,"column":4},"end":{"line":931,"column":null}},"245":{"start":{"line":929,"column":6},"end":{"line":929,"column":null}},"246":{"start":{"line":930,"column":6},"end":{"line":930,"column":null}},"247":{"start":{"line":933,"column":25},"end":{"line":933,"column":null}},"248":{"start":{"line":936,"column":4},"end":{"line":957,"column":null}},"249":{"start":{"line":937,"column":21},"end":{"line":937,"column":null}},"250":{"start":{"line":938,"column":22},"end":{"line":938,"column":null}},"251":{"start":{"line":939,"column":19},"end":{"line":939,"column":null}},"252":{"start":{"line":941,"column":6},"end":{"line":949,"column":null}},"253":{"start":{"line":951,"column":6},"end":{"line":953,"column":null}},"254":{"start":{"line":952,"column":8},"end":{"line":952,"column":null}},"255":{"start":{"line":955,"column":6},"end":{"line":955,"column":null}},"256":{"start":{"line":956,"column":6},"end":{"line":956,"column":null}},"257":{"start":{"line":959,"column":4},"end":{"line":959,"column":null}},"258":{"start":{"line":962,"column":2},"end":{"line":962,"column":null}},"259":{"start":{"line":977,"column":2},"end":{"line":977,"column":null}},"260":{"start":{"line":978,"column":2},"end":{"line":978,"column":null}},"261":{"start":{"line":980,"column":2},"end":{"line":980,"column":null}},"262":{"start":{"line":982,"column":2},"end":{"line":982,"column":null}},"263":{"start":{"line":984,"column":2},"end":{"line":992,"column":null}},"264":{"start":{"line":985,"column":22},"end":{"line":985,"column":null}},"265":{"start":{"line":987,"column":4},"end":{"line":991,"column":null}},"266":{"start":{"line":1002,"column":16},"end":{"line":1002,"column":nu
[...]
"start":{},"end":{}}],"line":277},"40":{"loc":{"start":{"line":289,"column":2},"end":{"line":299,"column":null}},"type":"if","locations":[{"start":{"line":289,"column":2},"end":{"line":299,"column":null}},{"start":{},"end":{}}],"line":289},"41":{"loc":{"start":{"line":289,"column":6},"end":{"line":289,"column":61}},"type":"binary-expr","locations":[{"start":{"line":289,"column":6},"end":{"line":289,"column":40}},{"start":{"line":289,"column":40},"end":{"line":289,"column":61}}],"line":289},"42":{"loc":{"start":{"line":340,"column":4},"end":{"line":342,"column":null}},"type":"if","locations":[{"start":{"line":340,"column":4},"end":{"line":342,"column":null}},{"start":{},"end":{}}],"line":340},"43":{"loc":{"start":{"line":359,"column":2},"end":{"line":359,"column":null}},"type":"default-arg","locations":[{"start":{"line":359,"column":32},"end":{"line":359,"column":null}}],"line":359},"44":{"loc":{"start":{"line":364,"column":2},"end":{"line":378,"column":null}},"type":"if","locations":[{"start":{"line":364,"column":2},"end":{"line":378,"column":null}},{"start":{},"end":{}}],"line":364},"45":{"loc":{"start":{"line":380,"column":2},"end":{"line":395,"column":null}},"type":"if","locations":[{"start":{"line":380,"column":2},"end":{"line":395,"column":null}},{"start":{},"end":{}}],"line":380},"46":{"loc":{"start":{"line":383,"column":4},"end":{"line":387,"column":null}},"type":"if","locations":[{"start":{"line":383,"column":4},"end":{"line":387,"column":null}},{"start":{},"end":{}}],"line":383},"47":{"loc":{"start":{"line":385,"column":8},"end":{"line":385,"column":null}},"type":"binary-expr","locations":[{"start":{"line":385,"column":8},"end":{"line":385,"column":36}},{"start":{"line":385,"column":36},"end":{"line":385,"column":null}}],"line":385},"48":{"loc":{"start":{"line":389,"column":4},"end":{"line":391,"column":null}},"type":"if","locations":[{"start":{"line":389,"column":4},"end":{"line":391,"column":null}},{"start":{},"end":{}}],"line":389},"49":{"loc":{"start":{"line":397,"column":25},"end":{"line":397,"column":null}},"type":"binary-expr","locations":[{"start":{"line":397,"column":25},"end":{"line":397,"column":37}},{"start":{"line":397,"column":37},"end":{"line":397,"column":null}}],"line":397},"50":{"loc":{"start":{"line":399,"column":2},"end":{"line":411,"column":null}},"type":"if","locations":[{"start":{"line":399,"column":2},"end":{"line":411,"column":null}},{"start":{},"end":{}}],"line":399}},"s":{"0":4,"1":5,"2":5,"3":16,"4":18,"5":18,"6":3,"7":10,"8":8,"9":2,"10":0,"11":0,"12":2,"13":32,"14":10,"15":10,"16":0,"17":10,"18":0,"19":10,"20":10,"21":10,"22":0,"23":10,"24":10,"25":40,"26":10,"27":2,"28":2,"29":0,"30":2,"31":8,"32":0,"33":8,"34":0,"35":0,"36":0,"37":0,"38":0,"39":8,"40":10,"41":6,"42":4,"43":4,"44":4,"45":4,"46":4,"47":4,"48":0,"49":4,"50":0,"51":4,"52":2,"53":2,"54":4,"55":2,"56":2,"57":0,"58":2,"59":2,"60":0,"61":1,"62":10,"63":10,"64":4,"65":0,"66":4,"67":18,"68":18,"69":2,"70":2,"71":13,"72":4,"73":4,"74":1,"75":3,"76":1,"77":2,"78":9,"79":18,"80":1,"81":8},"f":{"0":4,"1":16,"2":18,"3":10,"4":0,"5":0,"6":32,"7":10,"8":10,"9":10,"10":10,"11":40,"12":2,"13":8,"14":10,"15":4,"16":4,"17":1,"18":10,"19":18},"b":{"0":[16,1],"1":[3,15],"2":[8,2],"3":[0,2],"4":[0,2],"5":[0,2],"6":[0,2],"7":[0,2],"8":[10,0],"9":[0,2],"10":[0,0],"11":[2,0],"12":[0,2],"13":[0,2],"14":[10,0],"15":[0,2],"16":[10,0],"17":[0,2],"18":[0,10],"19":[0,10],"20":[10,0],"21":[0,10],"22":[2,8],"23":[1,9],"24":[10,0],"25":[2,0],"26":[0,0],"27":[0,8],"28":[0,8],"29":[0,0],"30":[0,0],"31":[4,3],"32":[0,4],"33":[4,0],"34":[0,4],"35":[4,0],"36":[2,2],"37":[2,0,0,0,0],"38":[2,2],"39":[0,2],"40":[2,0],"41":[2,0],"42":[0,4],"43":[18],"44":[2,16],"45":[4,9],"46":[1,3],"47":[1,0],"48":[1,2],"49":[9,1],"50":[1,17]},"meta":{"lastBranch":51,"lastFunction":20,"lastStatement":82,"seen":{"f:15:9:15:31":0,"s:16:2:16:Infinity":0,"s:19:80:24:Infinity":1,"s:26:90:31:Infinity":2,"f:33:9:33:17":1,"s:34:2:34:Infinity":3,"b:34:17:34:26:34:26:34:49":0,"f:37:9:37:Infinity":2,"s:42:8:42:Infinity":4,"b:44:2:46:Infinity:undefined:undefined:undefined:undefined":1,"s:44:2:46:Infinity":5,"s:45:4:45:Infinity":6,"f:55:9:55:31":3,"b:56:2:58:Infinity:undefined:undefined:undefined:undefined":2,"s:56:2:58:Infinity":7,"s:57:4:57:Infinity":8,"s:60:27:62:Infinity":9,"f:61:5:61:13":4,"s:61:28:61:43":10,"f:62:5:62:10":5,"s:62:34:62:66":11,"s:64:2:93:Infinity":12,"b:70:29:70:47:70:47:70:Infinity":3,"b:71:34:71:51:71:51:71:Infinity":4,"b:72:37:72:84:72:84:72:Infinity":5,"b:73:39:73:90:73:90:73:Infinity":6,"b:75:8:75:Infinity:76:8:76:Infinity":7,"b:74:4:74:47:74:47:74:Infinity":8,"b:78:8:78:Infinity:79:8:79:Infinity":9,"b:78:74:78:115:78:115:78:Infinity":10,"b:81:8:81:Infinity:82:8:82:Infinity":11,"b:83:27:83:43:83:43:83:Infinity":12,"b:85:8:85:Infinity:86:8:86:Infinity":13,"b:84:4:84:28:84:28:84:Infinity":14,"b:88:8:88:Infinity:89:8:89:Infinity":15,"b:87:4:87:28:87:28:87:Infinity":16,"b:91:8:91:Infinity:92:8:92:Infinity":17,"f:93:4:93:12":6,"s:93:37:93:50":13,"f:96:9:96:27":7,"s:97:2:97:Infinity":14,"f:106:9:106:27":8,"b:107:2:109:Infinity:undefined:undefined:undefined:undefined":18,"s:107:2:109:Infinity":15,"s:108:4:108:Infinity":16,"b:111:2:113:Infinity:undefined:undefined:undefined:undefined":19,"s:111:2:113:Infinity":17,"s:112:4:112:Infinity":18,"s:115:16:115:Infinity":19,"b:115:42:115:88:115:88:115:Infinity":20,"s:116:2:116:Infinity":20,"f:125:9:125:24":9,"b:126:2:128:Infinity:undefined:undefined:undefined:undefined":21,"s:126:2:128:Infinity":21,"s:127:4:127:Infinity":22,"s:130:2:141:Infinity":23,"f:131:5:131:10":10,"s:132:20:137:Infinity":24,"b:133:23:133:63:133:63:133:Infinity":22,"b:134:35:134:74:134:74:134:Infinity":23,"b:136:27:136:63:136:63:136:Infinity":24,"f:137:8:137:16":11,"s:137:41:137:54":25,"s:139:6:139:Infinity":26,"f:150:9:150:34":12,"b:151:2:153:Infinity:undefined:undefined:undefined:undefined":25,"s:151:2:153:Infinity":27,"s:152:4:152:Infinity":28,"s:155:15:157:Infinity":29,"b:156:6:156:Infinity:157:6:157:Infinity":26,"s:159:2:165:Infinity":30,"f:174:9:174:39":13,"b:175:2:177:Infinity:undefined:undefined:undefined:undefined":27,"s:175:2:177:Infinity":31,"s:176:4:176:Infinity":32,"b:179:2:189:Infinity:undefined:undefined:undefined:undefined":28,"s:179:2:189:Infinity":33,"b:180:4:182:Infinity:undefined:undefined:undefined:undefined":29,"s:180:4:182:Infinity":34,"s:181:6:181:Infinity":35,"b:184:4:186:Infinity:undefined:undefined:undefined:undefined":30,"s:184:4:186:Infinity":36,"s:185:6:185:Infinity":37,"s:188:4:188:Infinity":38,"s:191:2:191:Infinity":39,"f:200:15:200:Infinity":14,"s:204:34:218:Infinity":40,"s:220:2:223:Infinity":41,"f:232:9:232:30":15,"s:233:36:236:Infinity":42,"s:239:30:263:Infinity":43,"f:239:39:239:45":16,"s:240:19:240:Infinity":44,"s:241:17:241:Infinity":45,"b:241:17:241:48:241:48:241:Infinity":31,"s:242:29:242:Infinity":46,"b:244:4:246:Infinity:undefined:undefined:undefined:undefined":32,"s:244:4:246:Infinity":47,"b:244:8:244:44:244:44:244:71":33,"s:245:6:245:Infinity":48,"b:248:4:250:Infinity:undefined:undefined:undefined:undefined":34,"s:248:4:250:Infinity":49,"b:248:8:248:34:248:34:248:59":35,"s:249:6:249:Infinity":50,"b:252:4:260:Infinity:undefined:undefined:undefined:undefined":36,"s:252:4:260:Infinity":51,"s:253:6:258:Infinity":52,"b:254:8:254:Infinity:255:8:255:Infinity:256:8:256:Infinity:257:8:257:Infinity:258:8:258:Infinity":37,"s:262:4:262:Infinity":53,"b:265:2:275:Infinity:undefined:undefined:undefined:undefined":38,"s:265:2:275:Infinity":54,"s:266:4:274:Infinity":55,"b:277:2:287:Infinity:undefined:undefined:undefined:undefined":39,"s:277:2:287:Infinity":56,"s:278:4:286:Infinity":57,"b:289:2:299:Infinity:undefined:undefined:undefined:undefined":40,"s:289:2:299:Infinity":58,"b:289:6:289:40:289:40:289:61":41,"s:290:4:298:Infinity":59,"s:301:2:306:Infinity":60,"f:315:9:315:62":17,"s:316:2:324:Infinity":61,"f:333:15:333:Infinity":18,"s:337:2:345:Infinity":62,"s:338:4:338:Infinity":63,"b:340:4:342:Infinity:undefined:undefined:undefined:undefined":42,"s:340:4:342:Infinity":64,"s:341:6:341:Infinity":65,"s:344:4:344:Infinity":66,"f:354:22:354:Infinity":19,"b:359:32:359:Infinity":43,"s:362:2:362:Infinity":67,"b:364:2:378:Infinity:undefined:undefined:undefined:undefined":44,"s:364:2:378:Infinity":68,"s:365:35:375:Infinity":69,"s:377:4:377:Infinity":70,"b:380:2:395:Infinity:undefined:undefined:undefined:undefined":45,"s:380:2:395:Infinity":71,"s:381:29:381:Infinity":72,"b:383:4:387:Infinity:undefined:undefined:undefined:undefined":46,"s:383:4:387:Infinity":73,"s:384:6:386:Infinity":74,"b:385:8:385:36:385:36:385:Infinity":47,"b:389:4:391:Infinity:undefined:undefined:undefined:undefined":48,"s:389:4:391:Infinity":75,"s:390:6:390:Infinity":76,"s:394:4:394:Infinity":77,"s:397:25:397:Infinity":78,"b:397:25:397:37:397:37:397:Infinity":49,"b:399:2:411:Infinity:undefined:undefined:undefined:undefined":50,"s:399:2:411:Infinity":79,"s:400:4:410:Infinity":80,"s:413:2:413:Infinity":81}}}
,"/Users/christianscheider/Dev/Heptacode/backend/src/modules/triage/triage.types.ts": {"path":"/Users/christianscheider/Dev/Heptacode/backend/src/modules/triage/triage.types.ts","statementMap":{"0":{"start":{"line":33,"column":31},"end":{"line":33,"column":null}},"1":{"start":{"line":35,"column":38},"end":{"line":35,"column":null}},"2":{"start":{"line":37,"column":46},"end":{"line":42,"column":null}},"3":{"start":{"line":62,"column":35},"end":{"line":65,"column":null}},"4":{"start":{"line":67,"column":33},"end":{"line":85,"column":null}},"5":{"start":{"line":87,"column":35},"end":{"line":94,"column":null}},"6":{"start":{"line":96,"column":35},"end":{"line":113,"column":null}},"7":{"start":{"line":106,"column":6},"end":{"line":108,"column":null}}},"fnMap":{"0":{"name":"(anonymous_0)","decl":{"start":{"line":104,"column":3},"end":{"line":104,"column":null}},"loc":{"start":{"line":106,"column":6},"end":{"line":108,"column":null}},"line":106}},"branchMap":{"0":{"loc":{"start":{"line":106,"column":6},"end":{"line":108,"column":null}},"type":"binary-expr","locations":[{"start":{"line":106,"column":6},"end":{"line":106,"column":null}},{"start":{"line":107,"column":6},"end":{"line":107,"column":null}},{"start":{"line":108,"column":6},"end":{"line":108,"column":null}}],"line":106}},"s":{"0":11,"1":11,"2":11,"3":11,"4":11,"5":11,"6":11,"7":10},"f":{"0":10},"b":{"0":[10,7,3]},"meta":{"lastBranch":1,"lastFunction":1,"lastStatement":8,"seen":{"s:33:31:33:Infinity":0,"s:35:38:35:Infinity":1,"s:37:46:42:Infinity":2,"s:62:35:65:Infinity":3,"s:67:33:85:Infinity":4,"s:87:35:94:Infinity":5,"s:96:35:113:Infinity":6,"f:104:3:104:Infinity":0,"s:106:6:108:Infinity":7,"b:106:6:106:Infinity:107:6:107:Infinity:108:6:108:Infinity":0}}}
,"/Users/christianscheider/Dev/Heptacode/backend/src/routes/assessment.routes.ts": {"path":"/Users/christianscheider/Dev/Heptacode/backend/src/routes/assessment.routes.ts","statementMap":{"0":{"start":{"line":5,"column":52},"end":{"line":12,"column":null}},"1":{"start":{"line":6,"column":2},"end":{"line":11,"column":null}},"2":{"start":{"line":7,"column":20},"end":{"line":7,"column":null}},"3":{"start":{"line":8,"column":19},"end":{"line":8,"column":null}},"4":{"start":{"line":10,"column":4},"end":{"line":10,"column":null}}},"fnMap":{"0":{"name":"(anonymous_0)","decl":{"start":{"line":5,"column":52},"end":{"line":5,"column":59}},"loc":{"start":{"line":5,"column":67},"end":{"line":12,"column":null}},"line":5},"1":{"name":"(anonymous_1)","decl":{"start":{"line":6,"column":27},"end":{"line":6,"column":34}},"loc":{"start":{"line":6,"column":53},"end":{"line":11,"column":3}},"line":6}},"branchMap":{},"s":{"0":4,"1":20,"2":3,"3":3,"4":2},"f":{"0":20,"1":3},"b":{},"meta":{"lastBranch":0,"lastFunction":2,"lastStatement":5,"seen":{"s:5:52:12:Infinity":0,"f:5:52:5:59":0,"s:6:2:11:Infinity":1,"f:6:27:6:34":1,"s:7:20:7:Infinity":2,"s:8:19:8:Infinity":3,"s:10:4:10:Infinity":4}}}
,"/Users/christianscheider/Dev/Heptacode/backend/src/routes/pdf.routes.ts": {"path":"/Users/christianscheider/Dev/Heptacode/backend/src/routes/pdf.routes.ts","statementMap":{"0":{"start":{"line":6,"column":45},"end":{"line":17,"column":null}},"1":{"start":{"line":7,"column":2},"end":{"line":16,"column":null}},"2":{"start":{"line":8,"column":17},"end":{"line":8,"column":null}},"3":{"start":{"line":10,"column":16},"end":{"line":10,"column":null}},"4":{"start":{"line":12,"column":4},"end":{"line":15,"column":null}}},"fnMap":{"0":{"name":"(anonymous_0)","decl":{"start":{"line":6,"column":45},"end":{"line":6,"column":52}},"loc":{"start":{"line":6,"column":60},"end":{"line":17,"column":null}},"line":6},"1":{"name":"(anonymous_1)","decl":{"start":{"line":7,"column":33},"end":{"line":7,"column":40}},"loc":{"start":{"line":7,"column":59},"end":{"line":16,"column":3}},"line":7}},"branchMap":{},"s":{"0":4,"1":20,"2":2,"3":2,"4":1},"f":{"0":20,"1":2},"b":{},"meta":{"lastBranch":0,"lastFunction":2,"lastStatement":5,"seen":{"s:6:45:17:Infinity":0,"f:6:45:6:52":0,"s:7:2:16:Infinity":1,"f:7:33:7:40":1,"s:8:17:8:Infinity":2,"s:10:16:10:Infinity":3,"s:12:4:15:Infinity":4}}}
,"/Users/christianscheider/Dev/Heptacode/backend/src/routes/symptomExtraction.routes.ts": {"path":"/Users/christianscheider/Dev/Heptacode/backend/src/routes/symptomExtraction.routes.ts","statementMap":{"0":{"start":{"line":5,"column":59},"end":{"line":27,"column":null}},"1":{"start":{"line":6,"column":2},"end":{"line":15,"column":null}},"2":{"start":{"line":7,"column":17},"end":{"line":7,"column":null}},"3":{"start":{"line":8,"column":19},"end":{"line":12,"column":null}},"4":{"start":{"line":14,"column":4},"end":{"line":14,"column":null}},"5":{"start":{"line":17,"column":2},"end":{"line":26,"column":null}},"6":{"start":{"line":18,"column":17},"end":{"line":18,"column":null}},"7":{"start":{"line":19,"column":19},"end":{"line":23,"column":null}},"8":{"start":{"line":25,"column":4},"end":{"line":25,"column":null}}},"fnMap":{"0":{"name":"(anonymous_0)","decl":{"start":{"line":5,"column":59},"end":{"line":5,"column":66}},"loc":{"start":{"line":5,"column":74},"end":{"line":27,"column":null}},"line":5},"1":{"name":"(anonymous_1)","decl":{"start":{"line":6,"column":42},"end":{"line":6,"column":49}},"loc":{"start":{"line":6,"column":68},"end":{"line":15,"column":3}},"line":6},"2":{"name":"(anonymous_2)","decl":{"start":{"line":17,"column":42},"end":{"line":17,"column":49}},"loc":{"start":{"line":17,"column":68},"end":{"line":26,"column":3}},"line":17}},"branchMap":{"0":{"loc":{"start":{"line":9,"column":6},"end":{"line":9,"column":null}},"type":"binary-expr","locations":[{"start":{"line":9,"column":6},"end":{"line":9,"column":26}},{"start":{"line":9,"column":26},"end":{"line":9,"column":39}},{"start":{"line":9,"column":39},"end":{"line":9,"column":53}},{"start":{"line":9,"column":53},"end":{"line":9,"column":null}}],"line":9},"1":{"loc":{"start":{"line":20,"column":6},"end":{"line":20,"column":null}},"type":"binary-expr","locations":[{"start":{"line":20,"column":6},"end":{"line":20,"column":26}},{"start":{"line":20,"column":26},"end":{"line":20,"column":39}},{"start":{"line":20,"column":39},"end":{"line":20,"column":53}},{"start":{"line":20,"column":53},"end":{"line":20,"column":null}}],"line":20}},"s":{"0":4,"1":20,"2":7,"3":7,"4":6,"5":20,"6":2,"7":2,"8":2},"f":{"0":20,"1":7,"2":2},"b":{"0":[7,5,1,0],"1":[2,2,0,0]},"meta":{"lastBranch":2,"lastFunction":3,"lastStatement":9,"seen":{"s:5:59:27:Infinity":0,"f:5:59:5:66":0,"s:6:2:15:Infinity":1,"f:6:42:6:49":1,"s:7:17:7:Infinity":2,"s:8:19:12:Infinity":3,"b:9:6:9:26:9:26:9:39:9:39:9:53:9:53:9:Infinity":0,"s:14:4:14:Infinity":4,"s:17:2:26:Infinity":5,"f:17:42:17:49":2,"s:18:17:18:Infinity":6,"s:19:19:23:Infinity":7,"b:20:6:20:26:20:26:20:39:20:39:20:53:20:53:20:Infinity":1,"s:25:4:25:Infinity":8}}}
,"/Users/christianscheider/Dev/Heptacode/backend/src/routes/triage.routes.ts": {"path":"/Users/christianscheider/Dev/Heptacode/backend/src/routes/triage.routes.ts","statementMap":{"0":{"start":{"line":6,"column":48},"end":{"line":28,"column":null}},"1":{"start":{"line":7,"column":2},"end":{"line":27,"column":null}},"2":{"start":{"line":15,"column":19},"end":{"line":15,"column":null}},"3":{"start":{"line":17,"column":21},"end":{"line":23,"column":null}},"4":{"start":{"line":25,"column":6},"end":{"line":25,"column":null}}},"fnMap":{"0":{"name":"(anonymous_0)","decl":{"start":{"line":6,"column":48},"end":{"line":6,"column":55}},"loc":{"start":{"line":6,"column":63},"end":{"line":28,"column":null}},"line":6},"1":{"name":"(anonymous_1)","decl":{"start":{"line":14,"column":4},"end":{"line":14,"column":11}},"loc":{"start":{"line":14,"column":30},"end":{"line":26,"column":null}},"line":14}},"branchMap":{},"s":{"0":4,"1":20,"2":5,"3":5,"4":4},"f":{"0":20,"1":5},"b":{},"meta":{"lastBranch":0,"lastFunction":2,"lastStatement":5,"seen":{"s:6:48:28:Infinity":0,"f:6:48:6:55":0,"s:7:2:27:Infinity":1,"f:14:4:14:11":1,"s:15:19:15:Infinity":2,"s:17:21:23:Infinity":3,"s:25:6:25:Infinity":4}}}
,"/Users/christianscheider/Dev/Heptacode/backend/src/shared/validation.ts": {"path":"/Users/christianscheider/Dev/Heptacode/backend/src/shared/validation.ts","statementMap":{"0":{"start":{"line":9,"column":38},"end":{"line":31,"column":null}},"1":{"start":{"line":12,"column":80},"end":{"line":12,"column":98}},"2":{"start":{"line":15,"column":29},"end":{"line":15,"column":73}},"3":{"start":{"line":19,"column":4},"end":{"line":25,"column":null}},"4":{"start":{"line":20,"column":6},"end":{"line":24,"column":null}},"5":{"start":{"line":27,"column":25},"end":{"line":31,"column":4}}},"fnMap":{"0":{"name":"(anonymous_0)","decl":{"start":{"line":12,"column":59},"end":{"line":12,"column":70}},"loc":{"start":{"line":12,"column":80},"end":{"line":12,"column":98}},"line":12},"1":{"name":"(anonymous_1)","decl":{"start":{"line":15,"column":7},"end":{"line":15,"column":18}},"loc":{"start":{"line":15,"column":29},"end":{"line":15,"column":73}},"line":15},"2":{"name":"(anonymous_2)","decl":{"start":{"line":18,"column":3},"end":{"line":18,"column":16}},"loc":{"start":{"line":18,"column":31},"end":{"line":26,"column":3}},"line":18},"3":{"name":"(anonymous_3)","decl":{"start":{"line":27,"column":3},"end":{"line":27,"column":14}},"loc":{"start":{"line":27,"column":25},"end":{"line":31,"column":4}},"line":27}},"branchMap":{"0":{"loc":{"start":{"line":12,"column":80},"end":{"line":12,"column":98}},"type":"binary-expr","locations":[{"start":{"line":12,"column":80},"end":{"line":12,"column":89}},{"start":{"line":12,"column":89},"end":{"line":12,"column":98}}],"line":12},"1":{"loc":{"start":{"line":15,"column":29},"end":{"line":15,"column":73}},"type":"cond-expr","locations":[{"start":{"line":15,"column":57},"end":{"line":15,"column":67}},{"start":{"line":15,"column":67},"end":{"line":15,"column":73}}],"line":15},"2":{"loc":{"start":{"line":19,"column":4},"end":{"line":25,"column":null}},"type":"if","locations":[{"start":{"line":19,"column":4},"end":{"line":25,"column":null}},{"start":{},"end":{}}],"line":19},"3":{"loc":{"start":{"line":19,"column":8},"end":{"line":19,"column":86}},"type":"binary-expr","locations":[{"start":{"line":19,"column":8},"end":{"line":19,"column":44}},{"start":{"line":19,"column":44},"end":{"line":19,"column":86}}],"line":19},"4":{"loc":{"start":{"line":30,"column":6},"end":{"line":30,"column":null}},"type":"cond-expr","locations":[{"start":{"line":30,"column":41},"end":{"line":30,"column":70}},{"start":{"line":30,"column":70},"end":{"line":30,"column":null}}],"line":30}},"s":{"0":6,"1":7,"2":6,"3":5,"4":1,"5":4},"f":{"0":7,"1":6,"2":5,"3":4},"b":{"0":[7,5],"1":[0,6],"2":[1,4],"3":[5,2],"4":[1,3]},"meta":{"lastBranch":5,"lastFunction":4,"lastStatement":6,"seen":{"s:9:38:31:Infinity":0,"f:12:59:12:70":0,"s:12:80:12:98":1,"b:12:80:12:89:12:89:12:98":0,"f:15:7:15:18":1,"s:15:29:15:73":2,"b:15:57:15:67:15:67:15:73":1,"f:18:3:18:16":2,"b:19:4:25:Infinity:undefined:undefined:undefined:undefined":2,"s:19:4:25:Infinity":3,"b:19:8:19:44:19:44:19:86":3,"s:20:6:24:Infinity":4,"f:27:3:27:14":3,"s:27:25:31:4":5,"b:30:41:30:70:30:70:30:Infinity":4}}}
}
